2018-06-29 15:19:34.438 INFO [restartedMain][StartupInfoLogger.java:48] - Starting DemoApplication on localhost.localdomain with PID 30065 (/home/zengshuai/idea/yd-cash/target/classes started by zengshuai in /home/zengshuai/idea/yd-cash)
2018-06-29 15:19:34.478 INFO [restartedMain][SpringApplication.java:593] - No active profile set, falling back to default profiles: default
2018-06-29 15:19:34.633 INFO [restartedMain][AbstractApplicationContext.java:583] - Refreshing org.springframework.boot.context.embedded.AnnotationConfigEmbeddedWebApplicationContext@3e7a87bd: startup date [Fri Jun 29 15:19:34 CST 2018]; root of context hierarchy
2018-06-29 15:19:35.089 INFO [background-preinit][Version.java:30] - HV000001: Hibernate Validator 5.3.6.Final
2018-06-29 15:19:39.245 INFO [restartedMain][RepositoryConfigurationDelegate.java:165] - Multiple Spring Data modules found, entering strict repository configuration mode!
2018-06-29 15:19:39.353 INFO [restartedMain][RepositoryConfigurationDelegate.java:165] - Multiple Spring Data modules found, entering strict repository configuration mode!
2018-06-29 15:19:40.106 INFO [restartedMain][PostProcessorRegistrationDelegate.java:327] - Bean 'org.springframework.transaction.annotation.ProxyTransactionManagementConfiguration' of type [org.springframework.transaction.annotation.ProxyTransactionManagementConfiguration$$EnhancerBySpringCGLIB$$7cd88006] is not eligible for getting processed by all BeanPostProcessors (for example: not eligible for auto-proxying)
2018-06-29 15:19:40.273 INFO [restartedMain][PostProcessorRegistrationDelegate.java:327] - Bean 'cacheConfig' of type [com.demo.demo.sysConfig.CacheConfig$$EnhancerBySpringCGLIB$$115d6d63] is not eligible for getting processed by all BeanPostProcessors (for example: not eligible for auto-proxying)
2018-06-29 15:19:40.288 INFO [restartedMain][PostProcessorRegistrationDelegate.java:327] - Bean 'keyGenerator' of type [com.demo.demo.sysConfig.CacheConfig$1] is not eligible for getting processed by all BeanPostProcessors (for example: not eligible for auto-proxying)
2018-06-29 15:19:40.289 INFO [restartedMain][PostProcessorRegistrationDelegate.java:327] - Bean 'org.springframework.cache.annotation.ProxyCachingConfiguration' of type [org.springframework.cache.annotation.ProxyCachingConfiguration$$EnhancerBySpringCGLIB$$c5eab624] is not eligible for getting processed by all BeanPostProcessors (for example: not eligible for auto-proxying)
2018-06-29 15:19:41.059 INFO [restartedMain][TomcatEmbeddedServletContainer.java:89] - Tomcat initialized with port(s): 8002 (http)
2018-06-29 15:19:41.073 INFO [restartedMain][DirectJDKLog.java:179] - Starting service [Tomcat]
2018-06-29 15:19:41.074 INFO [restartedMain][DirectJDKLog.java:179] - Starting Servlet Engine: Apache Tomcat/8.5.23
2018-06-29 15:19:41.246 INFO [localhost-startStop-1][DirectJDKLog.java:179] - Initializing Spring embedded WebApplicationContext
2018-06-29 15:19:41.246 INFO [localhost-startStop-1][EmbeddedWebApplicationContext.java:276] - Root WebApplicationContext: initialization completed in 6619 ms
2018-06-29 15:19:41.920 INFO [localhost-startStop-1][AbstractFilterRegistrationBean.java:258] - Mapping filter: 'metricsFilter' to: [/*]
2018-06-29 15:19:41.921 INFO [localhost-startStop-1][AbstractFilterRegistrationBean.java:258] - Mapping filter: 'characterEncodingFilter' to: [/*]
2018-06-29 15:19:41.921 INFO [localhost-startStop-1][AbstractFilterRegistrationBean.java:258] - Mapping filter: 'springSessionRepositoryFilter' to: [/*]
2018-06-29 15:19:41.922 INFO [localhost-startStop-1][AbstractFilterRegistrationBean.java:258] - Mapping filter: 'hiddenHttpMethodFilter' to: [/*]
2018-06-29 15:19:41.922 INFO [localhost-startStop-1][AbstractFilterRegistrationBean.java:258] - Mapping filter: 'httpPutFormContentFilter' to: [/*]
2018-06-29 15:19:41.922 INFO [localhost-startStop-1][AbstractFilterRegistrationBean.java:258] - Mapping filter: 'requestContextFilter' to: [/*]
2018-06-29 15:19:41.925 INFO [localhost-startStop-1][AbstractFilterRegistrationBean.java:258] - Mapping filter: 'springSecurityFilterChain' to: [/*]
2018-06-29 15:19:41.925 INFO [localhost-startStop-1][AbstractFilterRegistrationBean.java:258] - Mapping filter: 'webRequestLoggingFilter' to: [/*]
2018-06-29 15:19:41.926 INFO [localhost-startStop-1][AbstractFilterRegistrationBean.java:271] - Mapping filter: 'webStatFilter' to urls: [/*]
2018-06-29 15:19:41.926 INFO [localhost-startStop-1][AbstractFilterRegistrationBean.java:258] - Mapping filter: 'applicationContextIdFilter' to: [/*]
2018-06-29 15:19:41.927 INFO [localhost-startStop-1][ServletRegistrationBean.java:190] - Mapping servlet: 'statViewServlet' to [/druid/*]
2018-06-29 15:19:41.928 INFO [localhost-startStop-1][ServletRegistrationBean.java:190] - Mapping servlet: 'dispatcherServlet' to [/]
2018-06-29 15:19:43.032 INFO [restartedMain][DruidDataSource.java:922] - {dataSource-1} inited
2018-06-29 15:19:43.438 INFO [restartedMain][LocalContainerEntityManagerFactoryBean.java:356] - Building JPA container EntityManagerFactory for persistence unit 'default'
2018-06-29 15:19:43.466 INFO [restartedMain][LogHelper.java:31] - HHH000204: Processing PersistenceUnitInfo [
	name: default
	...]
2018-06-29 15:19:43.615 INFO [restartedMain][Version.java:37] - HHH000412: Hibernate Core {5.0.12.Final}
2018-06-29 15:19:43.617 INFO [restartedMain][Environment.java:213] - HHH000206: hibernate.properties not found
2018-06-29 15:19:43.618 INFO [restartedMain][Environment.java:317] - HHH000021: Bytecode provider name : javassist
2018-06-29 15:19:43.673 INFO [restartedMain][JavaReflectionManager.java:66] - HCANN000001: Hibernate Commons Annotations {5.0.1.Final}
2018-06-29 15:19:43.875 INFO [restartedMain][Dialect.java:156] - HHH000400: Using dialect: org.hibernate.dialect.MySQL5Dialect
2018-06-29 15:19:44.156 INFO [restartedMain][AbstractEntityManagerFactoryBean.java:392] - Initialized JPA EntityManagerFactory for persistence unit 'default'
2018-06-29 15:19:47.412 INFO [restartedMain][AbstractHandlerMethodMapping.java:543] - Mapped "{[/base/basic/deleteBaseRole],methods=[POST]}" onto public com.demo.demo.response.RestStatus com.demo.demo.controller.BaseBasicController.deleteBaseRole(java.lang.Long)
2018-06-29 15:19:47.414 INFO [restartedMain][AbstractHandlerMethodMapping.java:543] - Mapped "{[/base/basic/addNewBaseRole],methods=[POST]}" onto public com.demo.demo.response.RestStatus com.demo.demo.controller.BaseBasicController.addNewBaseRole(com.demo.demo.sys.entity.BaseRole)
2018-06-29 15:19:47.414 INFO [restartedMain][AbstractHandlerMethodMapping.java:543] - Mapped "{[/base/basic/updateBaseRole],methods=[POST]}" onto public com.demo.demo.response.RestStatus com.demo.demo.controller.BaseBasicController.updateBaseRole(com.demo.demo.sys.entity.BaseRole)
2018-06-29 15:19:47.415 INFO [restartedMain][AbstractHandlerMethodMapping.java:543] - Mapped "{[/base/basic/baseMenuTree],methods=[POST]}" onto public java.util.Map<java.lang.String, java.lang.Object> com.demo.demo.controller.BaseBasicController.baseMenuTree(java.lang.Integer)
2018-06-29 15:19:47.415 INFO [restartedMain][AbstractHandlerMethodMapping.java:543] - Mapped "{[/base/basic/updateBaseMenuRole],methods=[POST]}" onto public com.demo.demo.response.RestStatus com.demo.demo.controller.BaseBasicController.updateBaseMenuRole(com.demo.demo.sys.entity.BaseRole)
2018-06-29 15:19:47.416 INFO [restartedMain][AbstractHandlerMethodMapping.java:543] - Mapped "{[/base/basic/allBaseRoles],methods=[POST]}" onto public java.util.List<com.demo.demo.sys.entity.BaseRole> com.demo.demo.controller.BaseBasicController.allBaseRoles(com.demo.demo.sys.entity.BaseRole)
2018-06-29 15:19:47.417 INFO [restartedMain][AbstractHandlerMethodMapping.java:543] - Mapped "{[/base/basic/addDep],methods=[POST]}" onto public java.util.Map<java.lang.String, java.lang.Object> com.demo.demo.controller.BaseBasicController.addDep(com.demo.demo.sys.entity.BaseDepartment)
2018-06-29 15:19:47.417 INFO [restartedMain][AbstractHandlerMethodMapping.java:543] - Mapped "{[/base/basic/deleteDep],methods=[POST]}" onto public com.demo.demo.response.RestStatus com.demo.demo.controller.BaseBasicController.deleteDep(java.lang.Long)
2018-06-29 15:19:47.418 INFO [restartedMain][AbstractHandlerMethodMapping.java:543] - Mapped "{[/base/basic/getDepByPid],methods=[POST]}" onto public java.util.List<com.demo.demo.sys.entity.BaseDepartment> com.demo.demo.controller.BaseBasicController.getDepByPid(java.lang.Long)
2018-06-29 15:19:47.418 INFO [restartedMain][AbstractHandlerMethodMapping.java:543] - Mapped "{[/base/basic/getAllDeps],methods=[POST]}" onto public java.util.List<com.demo.demo.sys.entity.BaseDepartment> com.demo.demo.controller.BaseBasicController.getAllDeps()
2018-06-29 15:19:47.422 INFO [restartedMain][AbstractHandlerMethodMapping.java:543] - Mapped "{[/base/config/sysbaseMenu],methods=[POST]}" onto public java.util.List<com.demo.demo.sys.entity.BaseMenu> com.demo.demo.controller.BaseConfigController.sysbaseMenu()
2018-06-29 15:19:47.422 INFO [restartedMain][AbstractHandlerMethodMapping.java:543] - Mapped "{[/base/config/baseUser],methods=[GET]}" onto public com.demo.demo.sys.entity.BaseUser com.demo.demo.controller.BaseConfigController.currentUser()
2018-06-29 15:19:47.423 INFO [restartedMain][AbstractHandlerMethodMapping.java:543] - Mapped "{[/base/config/addMenu],methods=[POST]}" onto public com.demo.demo.response.RestStatus com.demo.demo.controller.BaseConfigController.addMenu(com.demo.demo.sys.entity.BaseMenu)
2018-06-29 15:19:47.423 INFO [restartedMain][AbstractHandlerMethodMapping.java:543] - Mapped "{[/base/config/login_p],methods=[GET]}" onto public com.demo.demo.response.RestStatus com.demo.demo.controller.BaseConfigController.login_p()
2018-06-29 15:19:47.428 INFO [restartedMain][AbstractHandlerMethodMapping.java:543] - Mapped "{[/baseDict/get],methods=[POST]}" onto public java.lang.Object com.demo.demo.controller.BaseDictController.getDict(com.demo.demo.sys.beans.PageRequest)
2018-06-29 15:19:47.428 INFO [restartedMain][AbstractHandlerMethodMapping.java:543] - Mapped "{[/baseDict/del],methods=[POST]}" onto public com.demo.demo.response.RestStatus com.demo.demo.controller.BaseDictController.del(java.lang.Integer)
2018-06-29 15:19:47.428 INFO [restartedMain][AbstractHandlerMethodMapping.java:543] - Mapped "{[/baseDict/add],methods=[POST]}" onto public com.demo.demo.response.RestStatus com.demo.demo.controller.BaseDictController.add(com.demo.demo.sys.entity.BaseDict)
2018-06-29 15:19:47.429 INFO [restartedMain][AbstractHandlerMethodMapping.java:543] - Mapped "{[/baseDict/update],methods=[POST]}" onto public com.demo.demo.response.RestStatus com.demo.demo.controller.BaseDictController.update(com.demo.demo.sys.entity.BaseDict)
2018-06-29 15:19:47.430 INFO [restartedMain][AbstractHandlerMethodMapping.java:543] - Mapped "{[/employee/]}" onto public java.lang.String com.demo.demo.controller.BaseEmployeeController.hello()
2018-06-29 15:19:47.430 INFO [restartedMain][AbstractHandlerMethodMapping.java:543] - Mapped "{[/employee/basic]}" onto public java.lang.String com.demo.demo.controller.BaseEmployeeController.basic()
2018-06-29 15:19:47.431 INFO [restartedMain][AbstractHandlerMethodMapping.java:543] - Mapped "{[/export/do],methods=[GET]}" onto public com.demo.demo.response.RestStatus com.demo.demo.controller.BaseExportController.getExport(java.lang.String) throws com.demo.demo.exception.ExcelException
2018-06-29 15:19:47.432 INFO [restartedMain][AbstractHandlerMethodMapping.java:543] - Mapped "{[/export/support],methods=[GET]}" onto public java.lang.Object com.demo.demo.controller.BaseExportController.getExportList()
2018-06-29 15:19:47.433 INFO [restartedMain][AbstractHandlerMethodMapping.java:543] - Mapped "{[/import/upload]}" onto public java.lang.Object com.demo.demo.controller.BaseImportController.upload(org.springframework.web.multipart.MultipartFile,java.lang.String) throws com.demo.demo.exception.ExcelException
2018-06-29 15:19:47.433 INFO [restartedMain][AbstractHandlerMethodMapping.java:543] - Mapped "{[/import/getError],methods=[GET]}" onto public void com.demo.demo.controller.BaseImportController.getErrorFile(java.lang.String) throws com.demo.demo.exception.ExcelException
2018-06-29 15:19:47.434 INFO [restartedMain][AbstractHandlerMethodMapping.java:543] - Mapped "{[/print/do],methods=[POST]}" onto public java.lang.Object com.demo.demo.controller.BasePrintController.doPrint(com.demo.demo.bus.Print.bean.PrintRequestBean) throws com.demo.demo.exception.ExcelException
2018-06-29 15:19:47.437 INFO [restartedMain][AbstractHandlerMethodMapping.java:543] - Mapped "{[/base/baseUser/addUser],methods=[POST]}" onto public com.demo.demo.response.RestStatus com.demo.demo.controller.BaseUserController.addUser(com.demo.demo.sys.entity.BaseUser)
2018-06-29 15:19:47.438 INFO [restartedMain][AbstractHandlerMethodMapping.java:543] - Mapped "{[/base/baseUser/updatePassWord],methods=[POST]}" onto public com.demo.demo.response.RestStatus com.demo.demo.controller.BaseUserController.updatePassWord(com.demo.demo.sys.entity.BaseUser)
2018-06-29 15:19:47.438 INFO [restartedMain][AbstractHandlerMethodMapping.java:543] - Mapped "{[/base/baseUser/resetPassWord],methods=[POST]}" onto public com.demo.demo.response.RestStatus com.demo.demo.controller.BaseUserController.resetPassWord(com.demo.demo.sys.entity.BaseUser)
2018-06-29 15:19:47.439 INFO [restartedMain][AbstractHandlerMethodMapping.java:543] - Mapped "{[/base/baseUser/getBaseUserById],methods=[POST]}" onto public com.demo.demo.sys.entity.BaseUser com.demo.demo.controller.BaseUserController.getBaseUserById(java.lang.Long)
2018-06-29 15:19:47.439 INFO [restartedMain][AbstractHandlerMethodMapping.java:543] - Mapped "{[/base/baseUser/deleteBaseUser],methods=[POST]}" onto public com.demo.demo.response.RestStatus com.demo.demo.controller.BaseUserController.deleteBaseUser(java.lang.Long[])
2018-06-29 15:19:47.440 INFO [restartedMain][AbstractHandlerMethodMapping.java:543] - Mapped "{[/base/baseUser/updateBaseUser],methods=[POST]}" onto public com.demo.demo.response.RestStatus com.demo.demo.controller.BaseUserController.updateBaseUser(java.util.List<com.demo.demo.sys.entity.BaseUser>)
2018-06-29 15:19:47.440 INFO [restartedMain][AbstractHandlerMethodMapping.java:543] - Mapped "{[/base/baseUser/updateBaseUserBaseRoles],methods=[POST]}" onto public com.demo.demo.response.RestStatus com.demo.demo.controller.BaseUserController.updateBaseUserBaseRoles(com.demo.demo.sys.entity.BaseUser)
2018-06-29 15:19:47.441 INFO [restartedMain][AbstractHandlerMethodMapping.java:543] - Mapped "{[/base/baseUser/getBaseUsersByKeywords],methods=[POST]}" onto public com.baomidou.mybatisplus.plugins.Page<com.demo.demo.sys.entity.BaseUser> com.demo.demo.controller.BaseUserController.getBaseUsersByKeywords(com.demo.demo.sys.entity.BaseUser)
2018-06-29 15:19:47.442 INFO [restartedMain][AbstractHandlerMethodMapping.java:543] - Mapped "{[/batch/receiptConfirm],methods=[POST]}" onto public java.lang.Object com.demo.demo.controller.BatchImportController.receiptConfirm(java.util.List<com.demo.demo.bus.Import.bean.ReceiptImportBean>,java.lang.Integer)
2018-06-29 15:19:47.444 INFO [restartedMain][AbstractHandlerMethodMapping.java:543] - Mapped "{[/company/getAll],methods=[POST]}" onto public com.baomidou.mybatisplus.plugins.Page<com.demo.demo.sys.entity.BusCompany> com.demo.demo.controller.BusCompanyController.getCompany(com.demo.demo.sys.beans.PageRequest) throws com.demo.demo.exception.RestException
2018-06-29 15:19:47.445 INFO [restartedMain][AbstractHandlerMethodMapping.java:543] - Mapped "{[/company/get],methods=[POST]}" onto public com.demo.demo.sys.entity.BusCompany com.demo.demo.controller.BusCompanyController.getById(java.lang.Integer) throws com.demo.demo.exception.RestException
2018-06-29 15:19:47.445 INFO [restartedMain][AbstractHandlerMethodMapping.java:543] - Mapped "{[/company/del],methods=[GET]}" onto public com.demo.demo.response.RestStatus com.demo.demo.controller.BusCompanyController.del(java.lang.Integer)
2018-06-29 15:19:47.446 INFO [restartedMain][AbstractHandlerMethodMapping.java:543] - Mapped "{[/company/add],methods=[POST]}" onto public com.demo.demo.response.RestStatus com.demo.demo.controller.BusCompanyController.add(com.demo.demo.sys.entity.BusCompany)
2018-06-29 15:19:47.446 INFO [restartedMain][AbstractHandlerMethodMapping.java:543] - Mapped "{[/company/update],methods=[POST]}" onto public com.demo.demo.response.RestStatus com.demo.demo.controller.BusCompanyController.update(com.demo.demo.sys.entity.BusCompany)
2018-06-29 15:19:47.448 INFO [restartedMain][AbstractHandlerMethodMapping.java:543] - Mapped "{[/bus/site/addBusSite],methods=[POST]}" onto public com.demo.demo.response.RestStatus com.demo.demo.controller.BusSiteController.addUser(com.demo.demo.sys.entity.bus.Site)
2018-06-29 15:19:47.448 INFO [restartedMain][AbstractHandlerMethodMapping.java:543] - Mapped "{[/bus/site/getSitesByNameOrCode],methods=[GET]}" onto public java.util.List<com.demo.demo.sys.entity.bus.Site> com.demo.demo.controller.BusSiteController.getSitesByNameOrCode(java.lang.String)
2018-06-29 15:19:47.449 INFO [restartedMain][AbstractHandlerMethodMapping.java:543] - Mapped "{[/bus/site/getSitesByCondition],methods=[POST]}" onto public com.baomidou.mybatisplus.plugins.Page<com.demo.demo.sys.entity.bus.Site> com.demo.demo.controller.BusSiteController.getSitesByCondition(com.demo.demo.sys.entity.bus.Site)
2018-06-29 15:19:47.451 INFO [restartedMain][AbstractHandlerMethodMapping.java:543] - Mapped "{[/chargeItem/treeList],methods=[GET],produces=[text/html;charset=UTF-8]}" onto public com.demo.demo.sys.entity.ChargeItem com.demo.demo.controller.ChargeItemController.treeList() throws java.lang.Exception
2018-06-29 15:19:47.451 INFO [restartedMain][AbstractHandlerMethodMapping.java:543] - Mapped "{[/chargeItem/getChargeItem],methods=[GET],produces=[text/html;charset=UTF-8]}" onto public java.util.List<java.util.Map<java.lang.String, java.lang.Object>> com.demo.demo.controller.ChargeItemController.getChargeItem(java.lang.String,java.lang.Integer) throws java.lang.Exception
2018-06-29 15:19:47.452 INFO [restartedMain][AbstractHandlerMethodMapping.java:543] - Mapped "{[/chargeItem/getChargeItemById],methods=[GET],produces=[text/html;charset=UTF-8]}" onto public java.util.Map<java.lang.String, java.lang.Object> com.demo.demo.controller.ChargeItemController.getChargeItemById(java.lang.Integer) throws java.lang.Exception
2018-06-29 15:19:47.452 INFO [restartedMain][AbstractHandlerMethodMapping.java:543] - Mapped "{[/chargeItem/edit],produces=[text/html;charset=UTF-8]}" onto public com.demo.demo.response.RestStatus com.demo.demo.controller.ChargeItemController.edit(com.demo.demo.sys.entity.ChargeItem) throws java.lang.Exception
2018-06-29 15:19:47.453 INFO [restartedMain][AbstractHandlerMethodMapping.java:543] - Mapped "{[/chargeItem/add],produces=[text/html;charset=UTF-8]}" onto public com.demo.demo.response.RestStatus com.demo.demo.controller.ChargeItemController.add(com.demo.demo.sys.entity.ChargeItem) throws java.lang.Exception
2018-06-29 15:19:47.453 INFO [restartedMain][AbstractHandlerMethodMapping.java:543] - Mapped "{[/chargeItem/delete],produces=[text/html;charset=UTF-8]}" onto public com.demo.demo.response.RestStatus com.demo.demo.controller.ChargeItemController.delete(com.demo.demo.sys.entity.ChargeItem) throws java.lang.Exception
2018-06-29 15:19:47.454 INFO [restartedMain][AbstractHandlerMethodMapping.java:543] - Mapped "{[/chargeItem/list],methods=[POST],produces=[text/html;charset=UTF-8]}" onto public com.baomidou.mybatisplus.plugins.Page<java.util.Map<java.lang.String, java.lang.Object>> com.demo.demo.controller.ChargeItemController.list(com.demo.demo.sys.dto.ChargeItemDto) throws java.lang.Exception
2018-06-29 15:19:47.455 INFO [restartedMain][AbstractHandlerMethodMapping.java:543] - Mapped "{[/doLogin],methods=[POST]}" onto public com.demo.demo.sys.beans.ErrorBean com.demo.demo.controller.LoginController.login(com.demo.demo.sys.beans.LoginBean)
2018-06-29 15:19:47.456 INFO [restartedMain][AbstractHandlerMethodMapping.java:543] - Mapped "{[/getVerify],methods=[GET]}" onto public void com.demo.demo.controller.LoginController.getVerify(javax.servlet.http.HttpServletRequest,javax.servlet.http.HttpServletResponse)
2018-06-29 15:19:47.456 INFO [restartedMain][AbstractHandlerMethodMapping.java:543] - Mapped "{[/sessionTest]}" onto public java.lang.String com.demo.demo.controller.LoginController.test()
2018-06-29 15:19:47.458 INFO [restartedMain][AbstractHandlerMethodMapping.java:543] - Mapped "{[/operateLog/list],produces=[text/html;charset=UTF-8]}" onto public com.baomidou.mybatisplus.plugins.Page<com.demo.demo.sys.entity.OperateLog> com.demo.demo.controller.OperateLogController.list(java.lang.Integer,java.lang.Integer,java.lang.String,java.lang.String,java.lang.String) throws java.lang.Exception
2018-06-29 15:19:47.461 INFO [restartedMain][AbstractHandlerMethodMapping.java:543] - Mapped "{[/receipt/getTotalAmount],methods=[POST],produces=[text/html;charset=UTF-8]}" onto public java.lang.String com.demo.demo.controller.ReceiptController.getTotalAmount(com.demo.demo.sys.dto.ReceiptDto) throws java.lang.Exception
2018-06-29 15:19:47.461 INFO [restartedMain][AbstractHandlerMethodMapping.java:543] - Mapped "{[/receipt/getCompanyInfo],methods=[POST],produces=[text/html;charset=UTF-8]}" onto public java.util.Map<java.lang.String, java.lang.Object> com.demo.demo.controller.ReceiptController.getCompanyInfo() throws java.lang.Exception
2018-06-29 15:19:47.462 INFO [restartedMain][AbstractHandlerMethodMapping.java:543] - Mapped "{[/receipt/listCharge],methods=[POST],produces=[text/html;charset=UTF-8]}" onto public java.util.List<java.util.Map<java.lang.String, java.lang.Object>> com.demo.demo.controller.ReceiptController.listCharge(com.demo.demo.sys.dto.ReceiptDto) throws java.lang.Exception
2018-06-29 15:19:47.462 INFO [restartedMain][AbstractHandlerMethodMapping.java:543] - Mapped "{[/receipt/writeOff],methods=[POST],produces=[text/html;charset=UTF-8]}" onto public com.demo.demo.response.RestStatus com.demo.demo.controller.ReceiptController.writeOff(com.demo.demo.sys.entity.Receipt) throws java.lang.Exception
2018-06-29 15:19:47.463 INFO [restartedMain][AbstractHandlerMethodMapping.java:543] - Mapped "{[/receipt/add],methods=[POST],produces=[text/html;charset=UTF-8]}" onto public com.demo.demo.response.ResponseData com.demo.demo.controller.ReceiptController.add(com.demo.demo.sys.entity.Receipt) throws java.lang.Exception
2018-06-29 15:19:47.463 INFO [restartedMain][AbstractHandlerMethodMapping.java:543] - Mapped "{[/receipt/list],methods=[POST],produces=[text/html;charset=UTF-8]}" onto public com.baomidou.mybatisplus.plugins.Page<java.util.Map<java.lang.String, java.lang.Object>> com.demo.demo.controller.ReceiptController.list(com.demo.demo.sys.dto.ReceiptDto) throws java.lang.Exception
2018-06-29 15:19:47.464 INFO [restartedMain][AbstractHandlerMethodMapping.java:543] - Mapped "{[/receipt/getReceiptById],methods=[GET],produces=[text/html;charset=UTF-8]}" onto public java.util.List<java.util.Map<java.lang.String, java.lang.Object>> com.demo.demo.controller.ReceiptController.list(int) throws java.lang.Exception
2018-06-29 15:19:47.464 INFO [restartedMain][AbstractHandlerMethodMapping.java:543] - Mapped "{[/receipt/save],methods=[POST],produces=[text/html;charset=UTF-8]}" onto public com.demo.demo.response.ResponseData com.demo.demo.controller.ReceiptController.save(com.demo.demo.sys.entity.Receipt) throws java.lang.Exception
2018-06-29 15:19:47.466 INFO [restartedMain][AbstractHandlerMethodMapping.java:543] - Mapped "{[/test/importExcel]}" onto public void com.demo.demo.controller.TestController.importExcel() throws java.lang.Exception
2018-06-29 15:19:47.466 INFO [restartedMain][AbstractHandlerMethodMapping.java:543] - Mapped "{[/test/exportExcel]}" onto public void com.demo.demo.controller.TestController.export(javax.servlet.http.HttpServletResponse) throws java.lang.Exception
2018-06-29 15:19:47.467 INFO [restartedMain][AbstractHandlerMethodMapping.java:543] - Mapped "{[/test/edit],produces=[text/html;charset=UTF-8]}" onto public com.demo.demo.response.RestStatus com.demo.demo.controller.TestController.edit(com.demo.demo.sys.entity.SysUser) throws java.lang.Exception
2018-06-29 15:19:47.467 INFO [restartedMain][AbstractHandlerMethodMapping.java:543] - Mapped "{[/test/toEdit]}" onto public com.demo.demo.response.RestStatus com.demo.demo.controller.TestController.toEdit()
2018-06-29 15:19:47.468 INFO [restartedMain][AbstractHandlerMethodMapping.java:543] - Mapped "{[/test/del],produces=[text/html;charset=UTF-8]}" onto public com.demo.demo.response.RestStatus com.demo.demo.controller.TestController.del(com.demo.demo.sys.entity.SysUser) throws java.lang.Exception
2018-06-29 15:19:47.468 INFO [restartedMain][AbstractHandlerMethodMapping.java:543] - Mapped "{[/test/add],produces=[text/html;charset=UTF-8]}" onto public com.demo.demo.response.RestStatus com.demo.demo.controller.TestController.add(com.demo.demo.sys.entity.SysUser) throws java.lang.Exception
2018-06-29 15:19:47.469 INFO [restartedMain][AbstractHandlerMethodMapping.java:543] - Mapped "{[/test/list],produces=[text/html;charset=UTF-8]}" onto public com.baomidou.mybatisplus.plugins.Page<com.demo.demo.sys.entity.SysUser> com.demo.demo.controller.TestController.list(java.lang.Integer,java.lang.Integer) throws java.lang.Exception
2018-06-29 15:19:47.470 INFO [restartedMain][AbstractHandlerMethodMapping.java:543] - Mapped "{[/user/get]}" onto public java.lang.Object com.demo.demo.sys.controller.UserController.modifyUser(java.lang.Long)
2018-06-29 15:19:47.471 INFO [restartedMain][AbstractHandlerMethodMapping.java:543] - Mapped "{[/user/del]}" onto public java.lang.String com.demo.demo.sys.controller.UserController.clearUser(java.lang.Long)
2018-06-29 15:19:47.471 INFO [restartedMain][AbstractHandlerMethodMapping.java:543] - Mapped "{[/user/update]}" onto public java.lang.Object com.demo.demo.sys.controller.UserController.updateUser(java.lang.Long)
2018-06-29 15:19:47.472 INFO [restartedMain][AbstractHandlerMethodMapping.java:543] - Mapped "{[/user/print]}" onto public com.demo.demo.sys.beans.ErrorBean com.demo.demo.sys.controller.UserController.getPrint()
2018-06-29 15:19:47.476 INFO [restartedMain][AbstractHandlerMethodMapping.java:543] - Mapped "{[/swagger-resources/configuration/security]}" onto public org.springframework.http.ResponseEntity<springfox.documentation.swagger.web.SecurityConfiguration> springfox.documentation.swagger.web.ApiResourceController.securityConfiguration()
2018-06-29 15:19:47.477 INFO [restartedMain][AbstractHandlerMethodMapping.java:543] - Mapped "{[/swagger-resources/configuration/ui]}" onto public org.springframework.http.ResponseEntity<springfox.documentation.swagger.web.UiConfiguration> springfox.documentation.swagger.web.ApiResourceController.uiConfiguration()
2018-06-29 15:19:47.478 INFO [restartedMain][AbstractHandlerMethodMapping.java:543] - Mapped "{[/swagger-resources]}" onto public org.springframework.http.ResponseEntity<java.util.List<springfox.documentation.swagger.web.SwaggerResource>> springfox.documentation.swagger.web.ApiResourceController.swaggerResources()
2018-06-29 15:19:47.482 INFO [restartedMain][AbstractHandlerMethodMapping.java:543] - Mapped "{[/error],produces=[text/html]}" onto public org.springframework.web.servlet.ModelAndView org.springframework.boot.autoconfigure.web.BasicErrorController.errorHtml(javax.servlet.http.HttpServletRequest,javax.servlet.http.HttpServletResponse)
2018-06-29 15:19:47.482 INFO [restartedMain][AbstractHandlerMethodMapping.java:543] - Mapped "{[/error]}" onto public org.springframework.http.ResponseEntity<java.util.Map<java.lang.String, java.lang.Object>> org.springframework.boot.autoconfigure.web.BasicErrorController.error(javax.servlet.http.HttpServletRequest)
2018-06-29 15:19:48.576 INFO [restartedMain][AbstractHandlerMethodMapping.java:543] - Mapped "{[/trace || /trace.json],methods=[GET],produces=[application/vnd.spring-boot.actuator.v1+json || application/json]}" onto public java.lang.Object org.springframework.boot.actuate.endpoint.mvc.EndpointMvcAdapter.invoke()
2018-06-29 15:19:48.578 INFO [restartedMain][AbstractHandlerMethodMapping.java:543] - Mapped "{[/health || /health.json],methods=[GET],produces=[application/vnd.spring-boot.actuator.v1+json || application/json]}" onto public java.lang.Object org.springframework.boot.actuate.endpoint.mvc.HealthMvcEndpoint.invoke(javax.servlet.http.HttpServletRequest,java.security.Principal)
2018-06-29 15:19:48.579 INFO [restartedMain][AbstractHandlerMethodMapping.java:543] - Mapped "{[/mappings || /mappings.json],methods=[GET],produces=[application/vnd.spring-boot.actuator.v1+json || application/json]}" onto public java.lang.Object org.springframework.boot.actuate.endpoint.mvc.EndpointMvcAdapter.invoke()
2018-06-29 15:19:48.580 INFO [restartedMain][AbstractHandlerMethodMapping.java:543] - Mapped "{[/metrics/{name:.*}],methods=[GET],produces=[application/vnd.spring-boot.actuator.v1+json || application/json]}" onto public java.lang.Object org.springframework.boot.actuate.endpoint.mvc.MetricsMvcEndpoint.value(java.lang.String)
2018-06-29 15:19:48.581 INFO [restartedMain][AbstractHandlerMethodMapping.java:543] - Mapped "{[/metrics || /metrics.json],methods=[GET],produces=[application/vnd.spring-boot.actuator.v1+json || application/json]}" onto public java.lang.Object org.springframework.boot.actuate.endpoint.mvc.EndpointMvcAdapter.invoke()
2018-06-29 15:19:48.581 INFO [restartedMain][AbstractHandlerMethodMapping.java:543] - Mapped "{[/dump || /dump.json],methods=[GET],produces=[application/vnd.spring-boot.actuator.v1+json || application/json]}" onto public java.lang.Object org.springframework.boot.actuate.endpoint.mvc.EndpointMvcAdapter.invoke()
2018-06-29 15:19:48.583 INFO [restartedMain][AbstractHandlerMethodMapping.java:543] - Mapped "{[/env/{name:.*}],methods=[GET],produces=[application/vnd.spring-boot.actuator.v1+json || application/json]}" onto public java.lang.Object org.springframework.boot.actuate.endpoint.mvc.EnvironmentMvcEndpoint.value(java.lang.String)
2018-06-29 15:19:48.583 INFO [restartedMain][AbstractHandlerMethodMapping.java:543] - Mapped "{[/env || /env.json],methods=[GET],produces=[application/vnd.spring-boot.actuator.v1+json || application/json]}" onto public java.lang.Object org.springframework.boot.actuate.endpoint.mvc.EndpointMvcAdapter.invoke()
2018-06-29 15:19:48.584 INFO [restartedMain][AbstractHandlerMethodMapping.java:543] - Mapped "{[/autoconfig || /autoconfig.json],methods=[GET],produces=[application/vnd.spring-boot.actuator.v1+json || application/json]}" onto public java.lang.Object org.springframework.boot.actuate.endpoint.mvc.EndpointMvcAdapter.invoke()
2018-06-29 15:19:48.585 INFO [restartedMain][AbstractHandlerMethodMapping.java:543] - Mapped "{[/configprops || /configprops.json],methods=[GET],produces=[application/vnd.spring-boot.actuator.v1+json || application/json]}" onto public java.lang.Object org.springframework.boot.actuate.endpoint.mvc.EndpointMvcAdapter.invoke()
2018-06-29 15:19:48.586 INFO [restartedMain][AbstractHandlerMethodMapping.java:543] - Mapped "{[/auditevents || /auditevents.json],methods=[GET],produces=[application/vnd.spring-boot.actuator.v1+json || application/json]}" onto public org.springframework.http.ResponseEntity<?> org.springframework.boot.actuate.endpoint.mvc.AuditEventsMvcEndpoint.findByPrincipalAndAfterAndType(java.lang.String,java.util.Date,java.lang.String)
2018-06-29 15:19:48.588 INFO [restartedMain][AbstractHandlerMethodMapping.java:543] - Mapped "{[/heapdump || /heapdump.json],methods=[GET],produces=[application/octet-stream]}" onto public void org.springframework.boot.actuate.endpoint.mvc.HeapdumpMvcEndpoint.invoke(boolean,javax.servlet.http.HttpServletRequest,javax.servlet.http.HttpServletResponse) throws java.io.IOException,javax.servlet.ServletException
2018-06-29 15:19:48.589 INFO [restartedMain][AbstractHandlerMethodMapping.java:543] - Mapped "{[/info || /info.json],methods=[GET],produces=[application/vnd.spring-boot.actuator.v1+json || application/json]}" onto public java.lang.Object org.springframework.boot.actuate.endpoint.mvc.EndpointMvcAdapter.invoke()
2018-06-29 15:19:48.592 INFO [restartedMain][AbstractHandlerMethodMapping.java:543] - Mapped "{[/loggers/{name:.*}],methods=[GET],produces=[application/vnd.spring-boot.actuator.v1+json || application/json]}" onto public java.lang.Object org.springframework.boot.actuate.endpoint.mvc.LoggersMvcEndpoint.get(java.lang.String)
2018-06-29 15:19:48.593 INFO [restartedMain][AbstractHandlerMethodMapping.java:543] - Mapped "{[/loggers/{name:.*}],methods=[POST],consumes=[application/vnd.spring-boot.actuator.v1+json || application/json],produces=[application/vnd.spring-boot.actuator.v1+json || application/json]}" onto public java.lang.Object org.springframework.boot.actuate.endpoint.mvc.LoggersMvcEndpoint.set(java.lang.String,java.util.Map<java.lang.String, java.lang.String>)
2018-06-29 15:19:48.594 INFO [restartedMain][AbstractHandlerMethodMapping.java:543] - Mapped "{[/loggers || /loggers.json],methods=[GET],produces=[application/vnd.spring-boot.actuator.v1+json || application/json]}" onto public java.lang.Object org.springframework.boot.actuate.endpoint.mvc.EndpointMvcAdapter.invoke()
2018-06-29 15:19:48.595 INFO [restartedMain][AbstractHandlerMethodMapping.java:543] - Mapped "{[/beans || /beans.json],methods=[GET],produces=[application/vnd.spring-boot.actuator.v1+json || application/json]}" onto public java.lang.Object org.springframework.boot.actuate.endpoint.mvc.EndpointMvcAdapter.invoke()
2018-06-29 15:19:49.013 INFO [restartedMain][PropertySourcedRequestMappingHandlerMapping.java:69] - Mapped URL path [/v2/api-docs] onto method [public org.springframework.http.ResponseEntity<springfox.documentation.spring.web.json.Json> springfox.documentation.swagger2.web.Swagger2Controller.getDocumentation(java.lang.String,javax.servlet.http.HttpServletRequest)]
2018-06-29 15:19:49.685 INFO [restartedMain][RequestMappingHandlerAdapter.java:534] - Looking for @ControllerAdvice: org.springframework.boot.context.embedded.AnnotationConfigEmbeddedWebApplicationContext@3e7a87bd: startup date [Fri Jun 29 15:19:34 CST 2018]; root of context hierarchy
2018-06-29 15:19:49.939 INFO [restartedMain][AbstractUrlHandlerMapping.java:362] - Mapped URL path [/webjars/**] onto handler of type [class org.springframework.web.servlet.resource.ResourceHttpRequestHandler]
2018-06-29 15:19:49.940 INFO [restartedMain][AbstractUrlHandlerMapping.java:362] - Mapped URL path [/**] onto handler of type [class org.springframework.web.servlet.resource.ResourceHttpRequestHandler]
2018-06-29 15:19:49.992 INFO [restartedMain][ExceptionHandlerExceptionResolver.java:273] - Detected @ExceptionHandler methods in restExceptionHandler
2018-06-29 15:19:50.050 INFO [restartedMain][AbstractUrlHandlerMapping.java:362] - Mapped URL path [/**/favicon.ico] onto handler of type [class org.springframework.web.servlet.resource.ResourceHttpRequestHandler]
2018-06-29 15:19:51.037 INFO [restartedMain][DefaultSecurityFilterChain.java:43] - Creating filter chain: OrRequestMatcher [requestMatchers=[Ant [pattern='/css/**'], Ant [pattern='/js/**'], Ant [pattern='/images/**'], Ant [pattern='/webjars/**'], Ant [pattern='/**/favicon.ico'], Ant [pattern='/error']]], []
2018-06-29 15:19:51.038 INFO [restartedMain][DefaultSecurityFilterChain.java:43] - Creating filter chain: Ant [pattern='/index.html'], []
2018-06-29 15:19:51.038 INFO [restartedMain][DefaultSecurityFilterChain.java:43] - Creating filter chain: Ant [pattern='/v2/api-docs'], []
2018-06-29 15:19:51.038 INFO [restartedMain][DefaultSecurityFilterChain.java:43] - Creating filter chain: Ant [pattern='/configuration/ui'], []
2018-06-29 15:19:51.038 INFO [restartedMain][DefaultSecurityFilterChain.java:43] - Creating filter chain: Ant [pattern='/swagger-resources*//**//**'], []
2018-06-29 15:19:51.038 INFO [restartedMain][DefaultSecurityFilterChain.java:43] - Creating filter chain: Ant [pattern='/configuration/security'], []
2018-06-29 15:19:51.039 INFO [restartedMain][DefaultSecurityFilterChain.java:43] - Creating filter chain: Ant [pattern='/swagger-ui.html'], []
2018-06-29 15:19:51.039 INFO [restartedMain][DefaultSecurityFilterChain.java:43] - Creating filter chain: Ant [pattern='/webjars*//**//**'], []
2018-06-29 15:19:51.039 INFO [restartedMain][DefaultSecurityFilterChain.java:43] - Creating filter chain: Ant [pattern='/base/config/login_p'], []
2018-06-29 15:19:51.280 INFO [restartedMain][DefaultSecurityFilterChain.java:43] - Creating filter chain: org.springframework.security.web.util.matcher.AnyRequestMatcher@1, [org.springframework.security.web.context.request.async.WebAsyncManagerIntegrationFilter@22a387b1, org.springframework.security.web.context.SecurityContextPersistenceFilter@1d0f75c5, org.springframework.security.web.header.HeaderWriterFilter@3a5af31d, org.springframework.security.web.authentication.logout.LogoutFilter@267a6cd6, org.springframework.security.web.authentication.UsernamePasswordAuthenticationFilter@64804e51, org.springframework.security.web.session.ConcurrentSessionFilter@5d663fde, org.springframework.security.web.savedrequest.RequestCacheAwareFilter@5b5e47e0, org.springframework.security.web.servletapi.SecurityContextHolderAwareRequestFilter@435fb6b7, org.springframework.security.web.authentication.AnonymousAuthenticationFilter@4bf7bffa, org.springframework.security.web.session.SessionManagementFilter@2a4a89f0, org.springframework.security.web.access.ExceptionTranslationFilter@67a26eb6, org.springframework.security.web.access.intercept.FilterSecurityInterceptor@448fb66a]
2018-06-29 15:19:51.310 INFO [restartedMain][DefaultSecurityFilterChain.java:43] - Creating filter chain: org.springframework.boot.actuate.autoconfigure.ManagementWebSecurityAutoConfiguration$LazyEndpointPathRequestMatcher@48c1c449, [org.springframework.security.web.context.request.async.WebAsyncManagerIntegrationFilter@69df97f7, org.springframework.security.web.context.SecurityContextPersistenceFilter@abf9173, org.springframework.security.web.header.HeaderWriterFilter@4d9e7ed3, org.springframework.web.filter.CorsFilter@14f4f21d, org.springframework.security.web.authentication.logout.LogoutFilter@4eb53408, org.springframework.security.web.authentication.www.BasicAuthenticationFilter@4fd7d84c, org.springframework.security.web.savedrequest.RequestCacheAwareFilter@2ea9b428, org.springframework.security.web.servletapi.SecurityContextHolderAwareRequestFilter@10ff3fc8, org.springframework.security.web.authentication.AnonymousAuthenticationFilter@3d57a33d, org.springframework.security.web.session.SessionManagementFilter@5adb5cb1, org.springframework.security.web.access.ExceptionTranslationFilter@1206d68a, org.springframework.security.web.access.intercept.FilterSecurityInterceptor@21d93ebe]
2018-06-29 15:19:51.317 INFO [restartedMain][DefaultSecurityFilterChain.java:43] - Creating filter chain: OrRequestMatcher [requestMatchers=[Ant [pattern='/**']]], [org.springframework.security.web.context.request.async.WebAsyncManagerIntegrationFilter@391116bf, org.springframework.security.web.context.SecurityContextPersistenceFilter@13385ef3, org.springframework.security.web.header.HeaderWriterFilter@121926ea, org.springframework.security.web.authentication.logout.LogoutFilter@3f928a89, org.springframework.security.web.authentication.www.BasicAuthenticationFilter@6e8c844e, org.springframework.security.web.savedrequest.RequestCacheAwareFilter@7b7ea4da, org.springframework.security.web.servletapi.SecurityContextHolderAwareRequestFilter@200bf329, org.springframework.security.web.authentication.AnonymousAuthenticationFilter@1e162594, org.springframework.security.web.session.SessionManagementFilter@7edc2b5a, org.springframework.security.web.access.ExceptionTranslationFilter@389a1698, org.springframework.security.web.access.intercept.FilterSecurityInterceptor@2ce16765]
2018-06-29 15:19:51.992 INFO [restartedMain][SpringTemplateLoader.java:61] - SpringTemplateLoader for FreeMarker: using resource loader [org.springframework.boot.context.embedded.AnnotationConfigEmbeddedWebApplicationContext@3e7a87bd: startup date [Fri Jun 29 15:19:34 CST 2018]; root of context hierarchy] and template loader path [classpath:/templates/]
2018-06-29 15:19:51.994 INFO [restartedMain][FreeMarkerConfigurer.java:127] - ClassTemplateLoader for Spring macros added to FreeMarker configuration
2018-06-29 15:19:52.498 INFO [restartedMain][MBeanExporter.java:431] - Registering beans for JMX exposure on startup
2018-06-29 15:19:52.502 INFO [restartedMain][MBeanExporter.java:916] - Bean with name 'dataSource' has been autodetected for JMX exposure
2018-06-29 15:19:52.523 INFO [restartedMain][MBeanExporter.java:671] - Located MBean 'dataSource': registering with JMX server as MBean [com.alibaba.druid.pool:name=dataSource,type=DruidDataSource]
2018-06-29 15:19:52.524 INFO [restartedMain][MBeanExporter.java:431] - Registering beans for JMX exposure on startup
2018-06-29 15:19:52.536 INFO [restartedMain][DefaultLifecycleProcessor.java:343] - Starting beans in phase 0
2018-06-29 15:19:52.542 INFO [restartedMain][MBeanExporter.java:678] - Located managed bean 'auditEventsEndpoint': registering with JMX server as MBean [org.springframework.boot:type=Endpoint,name=auditEventsEndpoint]
2018-06-29 15:19:52.578 INFO [restartedMain][MBeanExporter.java:678] - Located managed bean 'requestMappingEndpoint': registering with JMX server as MBean [org.springframework.boot:type=Endpoint,name=requestMappingEndpoint]
2018-06-29 15:19:52.594 INFO [restartedMain][MBeanExporter.java:678] - Located managed bean 'environmentEndpoint': registering with JMX server as MBean [org.springframework.boot:type=Endpoint,name=environmentEndpoint]
2018-06-29 15:19:52.600 INFO [restartedMain][MBeanExporter.java:678] - Located managed bean 'healthEndpoint': registering with JMX server as MBean [org.springframework.boot:type=Endpoint,name=healthEndpoint]
2018-06-29 15:19:52.606 INFO [restartedMain][MBeanExporter.java:678] - Located managed bean 'beansEndpoint': registering with JMX server as MBean [org.springframework.boot:type=Endpoint,name=beansEndpoint]
2018-06-29 15:19:52.611 INFO [restartedMain][MBeanExporter.java:678] - Located managed bean 'infoEndpoint': registering with JMX server as MBean [org.springframework.boot:type=Endpoint,name=infoEndpoint]
2018-06-29 15:19:52.618 INFO [restartedMain][MBeanExporter.java:678] - Located managed bean 'loggersEndpoint': registering with JMX server as MBean [org.springframework.boot:type=Endpoint,name=loggersEndpoint]
2018-06-29 15:19:52.629 INFO [restartedMain][MBeanExporter.java:678] - Located managed bean 'metricsEndpoint': registering with JMX server as MBean [org.springframework.boot:type=Endpoint,name=metricsEndpoint]
2018-06-29 15:19:52.633 INFO [restartedMain][MBeanExporter.java:678] - Located managed bean 'traceEndpoint': registering with JMX server as MBean [org.springframework.boot:type=Endpoint,name=traceEndpoint]
2018-06-29 15:19:52.638 INFO [restartedMain][MBeanExporter.java:678] - Located managed bean 'dumpEndpoint': registering with JMX server as MBean [org.springframework.boot:type=Endpoint,name=dumpEndpoint]
2018-06-29 15:19:52.644 INFO [restartedMain][MBeanExporter.java:678] - Located managed bean 'autoConfigurationReportEndpoint': registering with JMX server as MBean [org.springframework.boot:type=Endpoint,name=autoConfigurationReportEndpoint]
2018-06-29 15:19:52.649 INFO [restartedMain][MBeanExporter.java:678] - Located managed bean 'configurationPropertiesReportEndpoint': registering with JMX server as MBean [org.springframework.boot:type=Endpoint,name=configurationPropertiesReportEndpoint]
2018-06-29 15:19:52.652 INFO [restartedMain][DefaultLifecycleProcessor.java:343] - Starting beans in phase 2147483647
2018-06-29 15:19:52.652 INFO [restartedMain][DocumentationPluginsBootstrapper.java:147] - Context refreshed
2018-06-29 15:19:52.686 INFO [restartedMain][DocumentationPluginsBootstrapper.java:150] - Found 1 custom documentation plugin(s)
2018-06-29 15:19:52.779 INFO [restartedMain][ApiListingReferenceScanner.java:41] - Scanning for api listing references
2018-06-29 15:19:53.561 INFO [restartedMain][CachingOperationNameGenerator.java:40] - Generating unique operation named: addUsingPOST_1
2018-06-29 15:19:53.607 INFO [restartedMain][CachingOperationNameGenerator.java:40] - Generating unique operation named: updateUsingPOST_1
2018-06-29 15:19:53.623 INFO [restartedMain][CachingOperationNameGenerator.java:40] - Generating unique operation named: addUserUsingPOST_1
2018-06-29 15:19:53.671 INFO [restartedMain][CachingOperationNameGenerator.java:40] - Generating unique operation named: addUsingPOST_2
2018-06-29 15:19:53.821 INFO [restartedMain][CachingOperationNameGenerator.java:40] - Generating unique operation named: listUsingPOST_1
2018-06-29 15:19:53.856 INFO [restartedMain][CachingOperationNameGenerator.java:40] - Generating unique operation named: addUsingPOST_3
2018-06-29 15:19:53.882 INFO [restartedMain][CachingOperationNameGenerator.java:40] - Generating unique operation named: listUsingGET_1
2018-06-29 15:19:53.890 INFO [restartedMain][CachingOperationNameGenerator.java:40] - Generating unique operation named: listUsingPOST_2
2018-06-29 15:19:53.935 INFO [restartedMain][CachingOperationNameGenerator.java:40] - Generating unique operation named: addUsingGET_1
2018-06-29 15:19:53.939 INFO [restartedMain][CachingOperationNameGenerator.java:40] - Generating unique operation named: addUsingHEAD_1
2018-06-29 15:19:53.942 INFO [restartedMain][CachingOperationNameGenerator.java:40] - Generating unique operation named: addUsingPOST_4
2018-06-29 15:19:53.945 INFO [restartedMain][CachingOperationNameGenerator.java:40] - Generating unique operation named: addUsingPUT_1
2018-06-29 15:19:53.948 INFO [restartedMain][CachingOperationNameGenerator.java:40] - Generating unique operation named: addUsingPATCH_1
2018-06-29 15:19:53.951 INFO [restartedMain][CachingOperationNameGenerator.java:40] - Generating unique operation named: addUsingDELETE_1
2018-06-29 15:19:53.955 INFO [restartedMain][CachingOperationNameGenerator.java:40] - Generating unique operation named: addUsingOPTIONS_1
2018-06-29 15:19:53.958 INFO [restartedMain][CachingOperationNameGenerator.java:40] - Generating unique operation named: addUsingTRACE_1
2018-06-29 15:19:53.963 INFO [restartedMain][CachingOperationNameGenerator.java:40] - Generating unique operation named: delUsingGET_1
2018-06-29 15:19:53.970 INFO [restartedMain][CachingOperationNameGenerator.java:40] - Generating unique operation named: delUsingPOST_1
2018-06-29 15:19:53.995 INFO [restartedMain][CachingOperationNameGenerator.java:40] - Generating unique operation named: editUsingGET_1
2018-06-29 15:19:53.999 INFO [restartedMain][CachingOperationNameGenerator.java:40] - Generating unique operation named: editUsingHEAD_1
2018-06-29 15:19:54.003 INFO [restartedMain][CachingOperationNameGenerator.java:40] - Generating unique operation named: editUsingPOST_1
2018-06-29 15:19:54.008 INFO [restartedMain][CachingOperationNameGenerator.java:40] - Generating unique operation named: editUsingPUT_1
2018-06-29 15:19:54.012 INFO [restartedMain][CachingOperationNameGenerator.java:40] - Generating unique operation named: editUsingPATCH_1
2018-06-29 15:19:54.015 INFO [restartedMain][CachingOperationNameGenerator.java:40] - Generating unique operation named: editUsingDELETE_1
2018-06-29 15:19:54.018 INFO [restartedMain][CachingOperationNameGenerator.java:40] - Generating unique operation named: editUsingOPTIONS_1
2018-06-29 15:19:54.020 INFO [restartedMain][CachingOperationNameGenerator.java:40] - Generating unique operation named: editUsingTRACE_1
2018-06-29 15:19:54.064 INFO [restartedMain][CachingOperationNameGenerator.java:40] - Generating unique operation named: listUsingGET_2
2018-06-29 15:19:54.067 INFO [restartedMain][CachingOperationNameGenerator.java:40] - Generating unique operation named: listUsingHEAD_1
2018-06-29 15:19:54.070 INFO [restartedMain][CachingOperationNameGenerator.java:40] - Generating unique operation named: listUsingPOST_3
2018-06-29 15:19:54.072 INFO [restartedMain][CachingOperationNameGenerator.java:40] - Generating unique operation named: listUsingPUT_1
2018-06-29 15:19:54.075 INFO [restartedMain][CachingOperationNameGenerator.java:40] - Generating unique operation named: listUsingPATCH_1
2018-06-29 15:19:54.078 INFO [restartedMain][CachingOperationNameGenerator.java:40] - Generating unique operation named: listUsingDELETE_1
2018-06-29 15:19:54.081 INFO [restartedMain][CachingOperationNameGenerator.java:40] - Generating unique operation named: listUsingOPTIONS_1
2018-06-29 15:19:54.084 INFO [restartedMain][CachingOperationNameGenerator.java:40] - Generating unique operation named: listUsingTRACE_1
2018-06-29 15:19:54.215 INFO [restartedMain][ScheduledAnnotationBeanPostProcessor.java:267] - No TaskScheduler/ScheduledExecutorService bean found for scheduled processing
2018-06-29 15:19:54.233 INFO [restartedMain][DirectJDKLog.java:179] - Initializing ProtocolHandler ["http-nio-8002"]
2018-06-29 15:19:54.247 INFO [restartedMain][DirectJDKLog.java:179] - Starting ProtocolHandler ["http-nio-8002"]
2018-06-29 15:19:54.256 INFO [restartedMain][DirectJDKLog.java:179] - Using a shared selector for servlet write/read
2018-06-29 15:19:54.286 INFO [restartedMain][TomcatEmbeddedServletContainer.java:201] - Tomcat started on port(s): 8002 (http)
2018-06-29 15:19:54.298 INFO [restartedMain][StartupInfoLogger.java:57] - Started DemoApplication in 20.364 seconds (JVM running for 21.696)
2018-06-29 18:57:44.880 INFO [Thread-7][AbstractApplicationContext.java:984] - Closing org.springframework.boot.context.embedded.AnnotationConfigEmbeddedWebApplicationContext@3e7a87bd: startup date [Fri Jun 29 15:19:34 CST 2018]; root of context hierarchy
