2018-07-02 13:08:04.504 INFO [restartedMain][StartupInfoLogger.java:48] - Starting DemoApplication on localhost.localdomain with PID 10775 (/home/zengshuai/idea/yd-cash/target/classes started by zengshuai in /home/zengshuai/idea/yd-cash)
2018-07-02 13:08:04.524 INFO [restartedMain][SpringApplication.java:593] - No active profile set, falling back to default profiles: default
2018-07-02 13:08:04.620 INFO [restartedMain][AbstractApplicationContext.java:583] - Refreshing org.springframework.boot.context.embedded.AnnotationConfigEmbeddedWebApplicationContext@66deffba: startup date [Mon Jul 02 13:08:04 CST 2018]; root of context hierarchy
2018-07-02 13:08:04.724 INFO [background-preinit][Version.java:30] - HV000001: Hibernate Validator 5.3.6.Final
2018-07-02 13:08:06.939 INFO [restartedMain][RepositoryConfigurationDelegate.java:165] - Multiple Spring Data modules found, entering strict repository configuration mode!
2018-07-02 13:08:07.035 INFO [restartedMain][RepositoryConfigurationDelegate.java:165] - Multiple Spring Data modules found, entering strict repository configuration mode!
2018-07-02 13:08:07.705 INFO [restartedMain][PostProcessorRegistrationDelegate.java:327] - Bean 'org.springframework.transaction.annotation.ProxyTransactionManagementConfiguration' of type [org.springframework.transaction.annotation.ProxyTransactionManagementConfiguration$$EnhancerBySpringCGLIB$$157c4ad3] is not eligible for getting processed by all BeanPostProcessors (for example: not eligible for auto-proxying)
2018-07-02 13:08:07.852 INFO [restartedMain][PostProcessorRegistrationDelegate.java:327] - Bean 'cacheConfig' of type [com.demo.demo.sysConfig.CacheConfig$$EnhancerBySpringCGLIB$$aa013830] is not eligible for getting processed by all BeanPostProcessors (for example: not eligible for auto-proxying)
2018-07-02 13:08:07.864 INFO [restartedMain][PostProcessorRegistrationDelegate.java:327] - Bean 'keyGenerator' of type [com.demo.demo.sysConfig.CacheConfig$1] is not eligible for getting processed by all BeanPostProcessors (for example: not eligible for auto-proxying)
2018-07-02 13:08:07.865 INFO [restartedMain][PostProcessorRegistrationDelegate.java:327] - Bean 'org.springframework.cache.annotation.ProxyCachingConfiguration' of type [org.springframework.cache.annotation.ProxyCachingConfiguration$$EnhancerBySpringCGLIB$$5e8e80f1] is not eligible for getting processed by all BeanPostProcessors (for example: not eligible for auto-proxying)
2018-07-02 13:08:08.482 INFO [restartedMain][TomcatEmbeddedServletContainer.java:89] - Tomcat initialized with port(s): 8002 (http)
2018-07-02 13:08:08.495 INFO [restartedMain][DirectJDKLog.java:179] - Starting service [Tomcat]
2018-07-02 13:08:08.497 INFO [restartedMain][DirectJDKLog.java:179] - Starting Servlet Engine: Apache Tomcat/8.5.23
2018-07-02 13:08:08.720 INFO [localhost-startStop-1][DirectJDKLog.java:179] - Initializing Spring embedded WebApplicationContext
2018-07-02 13:08:08.720 INFO [localhost-startStop-1][EmbeddedWebApplicationContext.java:276] - Root WebApplicationContext: initialization completed in 4103 ms
2018-07-02 13:08:09.294 INFO [localhost-startStop-1][AbstractFilterRegistrationBean.java:258] - Mapping filter: 'metricsFilter' to: [/*]
2018-07-02 13:08:09.294 INFO [localhost-startStop-1][AbstractFilterRegistrationBean.java:258] - Mapping filter: 'characterEncodingFilter' to: [/*]
2018-07-02 13:08:09.294 INFO [localhost-startStop-1][AbstractFilterRegistrationBean.java:258] - Mapping filter: 'springSessionRepositoryFilter' to: [/*]
2018-07-02 13:08:09.295 INFO [localhost-startStop-1][AbstractFilterRegistrationBean.java:258] - Mapping filter: 'hiddenHttpMethodFilter' to: [/*]
2018-07-02 13:08:09.295 INFO [localhost-startStop-1][AbstractFilterRegistrationBean.java:258] - Mapping filter: 'httpPutFormContentFilter' to: [/*]
2018-07-02 13:08:09.295 INFO [localhost-startStop-1][AbstractFilterRegistrationBean.java:258] - Mapping filter: 'requestContextFilter' to: [/*]
2018-07-02 13:08:09.297 INFO [localhost-startStop-1][AbstractFilterRegistrationBean.java:258] - Mapping filter: 'springSecurityFilterChain' to: [/*]
2018-07-02 13:08:09.297 INFO [localhost-startStop-1][AbstractFilterRegistrationBean.java:258] - Mapping filter: 'webRequestLoggingFilter' to: [/*]
2018-07-02 13:08:09.297 INFO [localhost-startStop-1][AbstractFilterRegistrationBean.java:271] - Mapping filter: 'webStatFilter' to urls: [/*]
2018-07-02 13:08:09.298 INFO [localhost-startStop-1][AbstractFilterRegistrationBean.java:258] - Mapping filter: 'applicationContextIdFilter' to: [/*]
2018-07-02 13:08:09.298 INFO [localhost-startStop-1][ServletRegistrationBean.java:190] - Mapping servlet: 'statViewServlet' to [/druid/*]
2018-07-02 13:08:09.299 INFO [localhost-startStop-1][ServletRegistrationBean.java:190] - Mapping servlet: 'dispatcherServlet' to [/]
2018-07-02 13:08:09.817 INFO [restartedMain][DruidDataSource.java:922] - {dataSource-1} inited
2018-07-02 13:08:10.140 INFO [restartedMain][LocalContainerEntityManagerFactoryBean.java:356] - Building JPA container EntityManagerFactory for persistence unit 'default'
2018-07-02 13:08:10.154 INFO [restartedMain][LogHelper.java:31] - HHH000204: Processing PersistenceUnitInfo [
	name: default
	...]
2018-07-02 13:08:10.257 INFO [restartedMain][Version.java:37] - HHH000412: Hibernate Core {5.0.12.Final}
2018-07-02 13:08:10.259 INFO [restartedMain][Environment.java:213] - HHH000206: hibernate.properties not found
2018-07-02 13:08:10.260 INFO [restartedMain][Environment.java:317] - HHH000021: Bytecode provider name : javassist
2018-07-02 13:08:10.314 INFO [restartedMain][JavaReflectionManager.java:66] - HCANN000001: Hibernate Commons Annotations {5.0.1.Final}
2018-07-02 13:08:10.496 INFO [restartedMain][Dialect.java:156] - HHH000400: Using dialect: org.hibernate.dialect.MySQL5Dialect
2018-07-02 13:08:10.708 INFO [restartedMain][AbstractEntityManagerFactoryBean.java:392] - Initialized JPA EntityManagerFactory for persistence unit 'default'
2018-07-02 13:08:12.808 INFO [restartedMain][AbstractHandlerMethodMapping.java:543] - Mapped "{[/base/basic/deleteBaseRole],methods=[POST]}" onto public com.demo.demo.response.RestStatus com.demo.demo.controller.BaseBasicController.deleteBaseRole(java.lang.Long)
2018-07-02 13:08:12.809 INFO [restartedMain][AbstractHandlerMethodMapping.java:543] - Mapped "{[/base/basic/addNewBaseRole],methods=[POST]}" onto public com.demo.demo.response.RestStatus com.demo.demo.controller.BaseBasicController.addNewBaseRole(com.demo.demo.sys.entity.BaseRole)
2018-07-02 13:08:12.809 INFO [restartedMain][AbstractHandlerMethodMapping.java:543] - Mapped "{[/base/basic/updateBaseRole],methods=[POST]}" onto public com.demo.demo.response.RestStatus com.demo.demo.controller.BaseBasicController.updateBaseRole(com.demo.demo.sys.entity.BaseRole)
2018-07-02 13:08:12.810 INFO [restartedMain][AbstractHandlerMethodMapping.java:543] - Mapped "{[/base/basic/baseMenuTree],methods=[POST]}" onto public java.util.Map<java.lang.String, java.lang.Object> com.demo.demo.controller.BaseBasicController.baseMenuTree(java.lang.Integer)
2018-07-02 13:08:12.810 INFO [restartedMain][AbstractHandlerMethodMapping.java:543] - Mapped "{[/base/basic/updateBaseMenuRole],methods=[POST]}" onto public com.demo.demo.response.RestStatus com.demo.demo.controller.BaseBasicController.updateBaseMenuRole(com.demo.demo.sys.entity.BaseRole)
2018-07-02 13:08:12.811 INFO [restartedMain][AbstractHandlerMethodMapping.java:543] - Mapped "{[/base/basic/allBaseRoles],methods=[POST]}" onto public java.util.List<com.demo.demo.sys.entity.BaseRole> com.demo.demo.controller.BaseBasicController.allBaseRoles(com.demo.demo.sys.entity.BaseRole)
2018-07-02 13:08:12.811 INFO [restartedMain][AbstractHandlerMethodMapping.java:543] - Mapped "{[/base/basic/addDep],methods=[POST]}" onto public java.util.Map<java.lang.String, java.lang.Object> com.demo.demo.controller.BaseBasicController.addDep(com.demo.demo.sys.entity.BaseDepartment)
2018-07-02 13:08:12.811 INFO [restartedMain][AbstractHandlerMethodMapping.java:543] - Mapped "{[/base/basic/deleteDep],methods=[POST]}" onto public com.demo.demo.response.RestStatus com.demo.demo.controller.BaseBasicController.deleteDep(java.lang.Long)
2018-07-02 13:08:12.812 INFO [restartedMain][AbstractHandlerMethodMapping.java:543] - Mapped "{[/base/basic/getDepByPid],methods=[POST]}" onto public java.util.List<com.demo.demo.sys.entity.BaseDepartment> com.demo.demo.controller.BaseBasicController.getDepByPid(java.lang.Long)
2018-07-02 13:08:12.812 INFO [restartedMain][AbstractHandlerMethodMapping.java:543] - Mapped "{[/base/basic/getAllDeps],methods=[POST]}" onto public java.util.List<com.demo.demo.sys.entity.BaseDepartment> com.demo.demo.controller.BaseBasicController.getAllDeps()
2018-07-02 13:08:12.815 INFO [restartedMain][AbstractHandlerMethodMapping.java:543] - Mapped "{[/base/config/sysbaseMenu],methods=[POST]}" onto public java.util.List<com.demo.demo.sys.entity.BaseMenu> com.demo.demo.controller.BaseConfigController.sysbaseMenu()
2018-07-02 13:08:12.815 INFO [restartedMain][AbstractHandlerMethodMapping.java:543] - Mapped "{[/base/config/baseUser],methods=[GET]}" onto public com.demo.demo.sys.entity.BaseUser com.demo.demo.controller.BaseConfigController.currentUser()
2018-07-02 13:08:12.816 INFO [restartedMain][AbstractHandlerMethodMapping.java:543] - Mapped "{[/base/config/addMenu],methods=[POST]}" onto public com.demo.demo.response.RestStatus com.demo.demo.controller.BaseConfigController.addMenu(com.demo.demo.sys.entity.BaseMenu)
2018-07-02 13:08:12.816 INFO [restartedMain][AbstractHandlerMethodMapping.java:543] - Mapped "{[/base/config/login_p],methods=[GET]}" onto public com.demo.demo.response.RestStatus com.demo.demo.controller.BaseConfigController.login_p()
2018-07-02 13:08:12.820 INFO [restartedMain][AbstractHandlerMethodMapping.java:543] - Mapped "{[/baseDict/get],methods=[POST]}" onto public java.lang.Object com.demo.demo.controller.BaseDictController.getDict(com.demo.demo.sys.beans.PageRequest)
2018-07-02 13:08:12.820 INFO [restartedMain][AbstractHandlerMethodMapping.java:543] - Mapped "{[/baseDict/del],methods=[POST]}" onto public com.demo.demo.response.RestStatus com.demo.demo.controller.BaseDictController.del(java.lang.Integer)
2018-07-02 13:08:12.821 INFO [restartedMain][AbstractHandlerMethodMapping.java:543] - Mapped "{[/baseDict/add],methods=[POST]}" onto public com.demo.demo.response.RestStatus com.demo.demo.controller.BaseDictController.add(com.demo.demo.sys.entity.BaseDict)
2018-07-02 13:08:12.821 INFO [restartedMain][AbstractHandlerMethodMapping.java:543] - Mapped "{[/baseDict/update],methods=[POST]}" onto public com.demo.demo.response.RestStatus com.demo.demo.controller.BaseDictController.update(com.demo.demo.sys.entity.BaseDict)
2018-07-02 13:08:12.822 INFO [restartedMain][AbstractHandlerMethodMapping.java:543] - Mapped "{[/employee/]}" onto public java.lang.String com.demo.demo.controller.BaseEmployeeController.hello()
2018-07-02 13:08:12.822 INFO [restartedMain][AbstractHandlerMethodMapping.java:543] - Mapped "{[/employee/basic]}" onto public java.lang.String com.demo.demo.controller.BaseEmployeeController.basic()
2018-07-02 13:08:12.823 INFO [restartedMain][AbstractHandlerMethodMapping.java:543] - Mapped "{[/export/do],methods=[GET]}" onto public com.demo.demo.response.RestStatus com.demo.demo.controller.BaseExportController.getExport(java.lang.String) throws com.demo.demo.exception.ExcelException
2018-07-02 13:08:12.824 INFO [restartedMain][AbstractHandlerMethodMapping.java:543] - Mapped "{[/export/support],methods=[GET]}" onto public java.lang.Object com.demo.demo.controller.BaseExportController.getExportList()
2018-07-02 13:08:12.825 INFO [restartedMain][AbstractHandlerMethodMapping.java:543] - Mapped "{[/import/upload]}" onto public java.lang.Object com.demo.demo.controller.BaseImportController.upload(org.springframework.web.multipart.MultipartFile,java.lang.String) throws com.demo.demo.exception.ExcelException
2018-07-02 13:08:12.826 INFO [restartedMain][AbstractHandlerMethodMapping.java:543] - Mapped "{[/import/getError],methods=[GET]}" onto public void com.demo.demo.controller.BaseImportController.getErrorFile(java.lang.String) throws com.demo.demo.exception.ExcelException
2018-07-02 13:08:12.827 INFO [restartedMain][AbstractHandlerMethodMapping.java:543] - Mapped "{[/print/do],methods=[POST]}" onto public java.lang.Object com.demo.demo.controller.BasePrintController.doPrint(com.demo.demo.bus.Print.bean.PrintRequestBean) throws com.demo.demo.exception.ExcelException
2018-07-02 13:08:12.829 INFO [restartedMain][AbstractHandlerMethodMapping.java:543] - Mapped "{[/base/baseUser/addUser],methods=[POST]}" onto public com.demo.demo.response.RestStatus com.demo.demo.controller.BaseUserController.addUser(com.demo.demo.sys.entity.BaseUser)
2018-07-02 13:08:12.829 INFO [restartedMain][AbstractHandlerMethodMapping.java:543] - Mapped "{[/base/baseUser/updatePassWord],methods=[POST]}" onto public com.demo.demo.response.RestStatus com.demo.demo.controller.BaseUserController.updatePassWord(com.demo.demo.sys.entity.BaseUser)
2018-07-02 13:08:12.830 INFO [restartedMain][AbstractHandlerMethodMapping.java:543] - Mapped "{[/base/baseUser/resetPassWord],methods=[POST]}" onto public com.demo.demo.response.RestStatus com.demo.demo.controller.BaseUserController.resetPassWord(com.demo.demo.sys.entity.BaseUser)
2018-07-02 13:08:12.830 INFO [restartedMain][AbstractHandlerMethodMapping.java:543] - Mapped "{[/base/baseUser/getBaseUserById],methods=[POST]}" onto public com.demo.demo.sys.entity.BaseUser com.demo.demo.controller.BaseUserController.getBaseUserById(java.lang.Long)
2018-07-02 13:08:12.831 INFO [restartedMain][AbstractHandlerMethodMapping.java:543] - Mapped "{[/base/baseUser/deleteBaseUser],methods=[POST]}" onto public com.demo.demo.response.RestStatus com.demo.demo.controller.BaseUserController.deleteBaseUser(java.lang.Long[])
2018-07-02 13:08:12.831 INFO [restartedMain][AbstractHandlerMethodMapping.java:543] - Mapped "{[/base/baseUser/updateBaseUser],methods=[POST]}" onto public com.demo.demo.response.RestStatus com.demo.demo.controller.BaseUserController.updateBaseUser(java.util.List<com.demo.demo.sys.entity.BaseUser>)
2018-07-02 13:08:12.831 INFO [restartedMain][AbstractHandlerMethodMapping.java:543] - Mapped "{[/base/baseUser/updateBaseUserBaseRoles],methods=[POST]}" onto public com.demo.demo.response.RestStatus com.demo.demo.controller.BaseUserController.updateBaseUserBaseRoles(com.demo.demo.sys.entity.BaseUser)
2018-07-02 13:08:12.832 INFO [restartedMain][AbstractHandlerMethodMapping.java:543] - Mapped "{[/base/baseUser/getBaseUsersByKeywords],methods=[POST]}" onto public com.baomidou.mybatisplus.plugins.Page<com.demo.demo.sys.entity.BaseUser> com.demo.demo.controller.BaseUserController.getBaseUsersByKeywords(com.demo.demo.sys.entity.BaseUser)
2018-07-02 13:08:12.833 INFO [restartedMain][AbstractHandlerMethodMapping.java:543] - Mapped "{[/batch/receiptConfirm],methods=[POST]}" onto public java.lang.Object com.demo.demo.controller.BatchImportController.receiptConfirm(java.util.List<com.demo.demo.bus.Import.bean.ReceiptImportBean>,java.lang.Integer)
2018-07-02 13:08:12.835 INFO [restartedMain][AbstractHandlerMethodMapping.java:543] - Mapped "{[/company/getAll],methods=[POST]}" onto public com.baomidou.mybatisplus.plugins.Page<com.demo.demo.sys.entity.BusCompany> com.demo.demo.controller.BusCompanyController.getCompany(com.demo.demo.sys.beans.PageRequest) throws com.demo.demo.exception.RestException
2018-07-02 13:08:12.835 INFO [restartedMain][AbstractHandlerMethodMapping.java:543] - Mapped "{[/company/get],methods=[POST]}" onto public com.demo.demo.sys.entity.BusCompany com.demo.demo.controller.BusCompanyController.getById(java.lang.Integer) throws com.demo.demo.exception.RestException
2018-07-02 13:08:12.836 INFO [restartedMain][AbstractHandlerMethodMapping.java:543] - Mapped "{[/company/del],methods=[GET]}" onto public com.demo.demo.response.RestStatus com.demo.demo.controller.BusCompanyController.del(java.lang.Integer)
2018-07-02 13:08:12.836 INFO [restartedMain][AbstractHandlerMethodMapping.java:543] - Mapped "{[/company/add],methods=[POST]}" onto public com.demo.demo.response.RestStatus com.demo.demo.controller.BusCompanyController.add(com.demo.demo.sys.entity.BusCompany)
2018-07-02 13:08:12.837 INFO [restartedMain][AbstractHandlerMethodMapping.java:543] - Mapped "{[/company/update],methods=[POST]}" onto public com.demo.demo.response.RestStatus com.demo.demo.controller.BusCompanyController.update(com.demo.demo.sys.entity.BusCompany)
2018-07-02 13:08:12.838 INFO [restartedMain][AbstractHandlerMethodMapping.java:543] - Mapped "{[/bus/site/addBusSite],methods=[POST]}" onto public com.demo.demo.response.RestStatus com.demo.demo.controller.BusSiteController.addUser(com.demo.demo.sys.entity.bus.Site)
2018-07-02 13:08:12.838 INFO [restartedMain][AbstractHandlerMethodMapping.java:543] - Mapped "{[/bus/site/getSitesByNameOrCode],methods=[GET]}" onto public java.util.List<com.demo.demo.sys.entity.bus.Site> com.demo.demo.controller.BusSiteController.getSitesByNameOrCode(java.lang.String)
2018-07-02 13:08:12.839 INFO [restartedMain][AbstractHandlerMethodMapping.java:543] - Mapped "{[/bus/site/getSitesByCondition],methods=[POST]}" onto public com.baomidou.mybatisplus.plugins.Page<com.demo.demo.sys.entity.bus.Site> com.demo.demo.controller.BusSiteController.getSitesByCondition(com.demo.demo.sys.entity.bus.Site)
2018-07-02 13:08:12.841 INFO [restartedMain][AbstractHandlerMethodMapping.java:543] - Mapped "{[/chargeItem/treeList],methods=[GET],produces=[text/html;charset=UTF-8]}" onto public com.demo.demo.sys.entity.ChargeItem com.demo.demo.controller.ChargeItemController.treeList() throws java.lang.Exception
2018-07-02 13:08:12.841 INFO [restartedMain][AbstractHandlerMethodMapping.java:543] - Mapped "{[/chargeItem/getChargeItem],methods=[GET],produces=[text/html;charset=UTF-8]}" onto public java.util.List<java.util.Map<java.lang.String, java.lang.Object>> com.demo.demo.controller.ChargeItemController.getChargeItem(java.lang.String,java.lang.Integer) throws java.lang.Exception
2018-07-02 13:08:12.842 INFO [restartedMain][AbstractHandlerMethodMapping.java:543] - Mapped "{[/chargeItem/getChargeItemById],methods=[GET],produces=[text/html;charset=UTF-8]}" onto public java.util.Map<java.lang.String, java.lang.Object> com.demo.demo.controller.ChargeItemController.getChargeItemById(java.lang.Integer) throws java.lang.Exception
2018-07-02 13:08:12.842 INFO [restartedMain][AbstractHandlerMethodMapping.java:543] - Mapped "{[/chargeItem/edit],produces=[text/html;charset=UTF-8]}" onto public com.demo.demo.response.RestStatus com.demo.demo.controller.ChargeItemController.edit(com.demo.demo.sys.entity.ChargeItem) throws java.lang.Exception
2018-07-02 13:08:12.842 INFO [restartedMain][AbstractHandlerMethodMapping.java:543] - Mapped "{[/chargeItem/add],produces=[text/html;charset=UTF-8]}" onto public com.demo.demo.response.RestStatus com.demo.demo.controller.ChargeItemController.add(com.demo.demo.sys.entity.ChargeItem) throws java.lang.Exception
2018-07-02 13:08:12.843 INFO [restartedMain][AbstractHandlerMethodMapping.java:543] - Mapped "{[/chargeItem/delete],produces=[text/html;charset=UTF-8]}" onto public com.demo.demo.response.RestStatus com.demo.demo.controller.ChargeItemController.delete(com.demo.demo.sys.entity.ChargeItem) throws java.lang.Exception
2018-07-02 13:08:12.843 INFO [restartedMain][AbstractHandlerMethodMapping.java:543] - Mapped "{[/chargeItem/list],methods=[POST],produces=[text/html;charset=UTF-8]}" onto public com.baomidou.mybatisplus.plugins.Page<java.util.Map<java.lang.String, java.lang.Object>> com.demo.demo.controller.ChargeItemController.list(com.demo.demo.sys.dto.ChargeItemDto) throws java.lang.Exception
2018-07-02 13:08:12.844 INFO [restartedMain][AbstractHandlerMethodMapping.java:543] - Mapped "{[/doLogin],methods=[POST]}" onto public com.demo.demo.sys.beans.ErrorBean com.demo.demo.controller.LoginController.login(com.demo.demo.sys.beans.LoginBean)
2018-07-02 13:08:12.845 INFO [restartedMain][AbstractHandlerMethodMapping.java:543] - Mapped "{[/getVerify],methods=[GET]}" onto public void com.demo.demo.controller.LoginController.getVerify(javax.servlet.http.HttpServletRequest,javax.servlet.http.HttpServletResponse)
2018-07-02 13:08:12.846 INFO [restartedMain][AbstractHandlerMethodMapping.java:543] - Mapped "{[/sessionTest]}" onto public java.lang.String com.demo.demo.controller.LoginController.test()
2018-07-02 13:08:12.847 INFO [restartedMain][AbstractHandlerMethodMapping.java:543] - Mapped "{[/operateLog/list],produces=[text/html;charset=UTF-8]}" onto public com.baomidou.mybatisplus.plugins.Page<com.demo.demo.sys.entity.OperateLog> com.demo.demo.controller.OperateLogController.list(java.lang.Integer,java.lang.Integer,java.lang.String,java.lang.String,java.lang.String) throws java.lang.Exception
2018-07-02 13:08:12.849 INFO [restartedMain][AbstractHandlerMethodMapping.java:543] - Mapped "{[/receipt/getTotalAmount],methods=[POST],produces=[text/html;charset=UTF-8]}" onto public java.lang.String com.demo.demo.controller.ReceiptController.getTotalAmount(com.demo.demo.sys.dto.ReceiptDto) throws java.lang.Exception
2018-07-02 13:08:12.850 INFO [restartedMain][AbstractHandlerMethodMapping.java:543] - Mapped "{[/receipt/getCompanyInfo],methods=[POST],produces=[text/html;charset=UTF-8]}" onto public java.util.Map<java.lang.String, java.lang.Object> com.demo.demo.controller.ReceiptController.getCompanyInfo() throws java.lang.Exception
2018-07-02 13:08:12.850 INFO [restartedMain][AbstractHandlerMethodMapping.java:543] - Mapped "{[/receipt/listCharge],methods=[POST],produces=[text/html;charset=UTF-8]}" onto public java.util.List<java.util.Map<java.lang.String, java.lang.Object>> com.demo.demo.controller.ReceiptController.listCharge(com.demo.demo.sys.dto.ReceiptDto) throws java.lang.Exception
2018-07-02 13:08:12.851 INFO [restartedMain][AbstractHandlerMethodMapping.java:543] - Mapped "{[/receipt/writeOff],methods=[POST],produces=[text/html;charset=UTF-8]}" onto public com.demo.demo.response.RestStatus com.demo.demo.controller.ReceiptController.writeOff(com.demo.demo.sys.entity.Receipt) throws java.lang.Exception
2018-07-02 13:08:12.851 INFO [restartedMain][AbstractHandlerMethodMapping.java:543] - Mapped "{[/receipt/add],methods=[POST],produces=[text/html;charset=UTF-8]}" onto public com.demo.demo.response.ResponseData com.demo.demo.controller.ReceiptController.add(com.demo.demo.sys.entity.Receipt) throws java.lang.Exception
2018-07-02 13:08:12.852 INFO [restartedMain][AbstractHandlerMethodMapping.java:543] - Mapped "{[/receipt/list],methods=[POST],produces=[text/html;charset=UTF-8]}" onto public com.baomidou.mybatisplus.plugins.Page<java.util.Map<java.lang.String, java.lang.Object>> com.demo.demo.controller.ReceiptController.list(com.demo.demo.sys.dto.ReceiptDto) throws java.lang.Exception
2018-07-02 13:08:12.852 INFO [restartedMain][AbstractHandlerMethodMapping.java:543] - Mapped "{[/receipt/getReceiptById],methods=[GET],produces=[text/html;charset=UTF-8]}" onto public java.util.List<java.util.Map<java.lang.String, java.lang.Object>> com.demo.demo.controller.ReceiptController.list(int) throws java.lang.Exception
2018-07-02 13:08:12.852 INFO [restartedMain][AbstractHandlerMethodMapping.java:543] - Mapped "{[/receipt/save],methods=[POST],produces=[text/html;charset=UTF-8]}" onto public com.demo.demo.response.ResponseData com.demo.demo.controller.ReceiptController.save(com.demo.demo.sys.entity.Receipt) throws java.lang.Exception
2018-07-02 13:08:12.854 INFO [restartedMain][AbstractHandlerMethodMapping.java:543] - Mapped "{[/test/importExcel]}" onto public void com.demo.demo.controller.TestController.importExcel() throws java.lang.Exception
2018-07-02 13:08:12.854 INFO [restartedMain][AbstractHandlerMethodMapping.java:543] - Mapped "{[/test/exportExcel]}" onto public void com.demo.demo.controller.TestController.export(javax.servlet.http.HttpServletResponse) throws java.lang.Exception
2018-07-02 13:08:12.855 INFO [restartedMain][AbstractHandlerMethodMapping.java:543] - Mapped "{[/test/edit],produces=[text/html;charset=UTF-8]}" onto public com.demo.demo.response.RestStatus com.demo.demo.controller.TestController.edit(com.demo.demo.sys.entity.SysUser) throws java.lang.Exception
2018-07-02 13:08:12.855 INFO [restartedMain][AbstractHandlerMethodMapping.java:543] - Mapped "{[/test/toEdit]}" onto public com.demo.demo.response.RestStatus com.demo.demo.controller.TestController.toEdit()
2018-07-02 13:08:12.855 INFO [restartedMain][AbstractHandlerMethodMapping.java:543] - Mapped "{[/test/del],produces=[text/html;charset=UTF-8]}" onto public com.demo.demo.response.RestStatus com.demo.demo.controller.TestController.del(com.demo.demo.sys.entity.SysUser) throws java.lang.Exception
2018-07-02 13:08:12.856 INFO [restartedMain][AbstractHandlerMethodMapping.java:543] - Mapped "{[/test/add],produces=[text/html;charset=UTF-8]}" onto public com.demo.demo.response.RestStatus com.demo.demo.controller.TestController.add(com.demo.demo.sys.entity.SysUser) throws java.lang.Exception
2018-07-02 13:08:12.856 INFO [restartedMain][AbstractHandlerMethodMapping.java:543] - Mapped "{[/test/list],produces=[text/html;charset=UTF-8]}" onto public com.baomidou.mybatisplus.plugins.Page<com.demo.demo.sys.entity.SysUser> com.demo.demo.controller.TestController.list(java.lang.Integer,java.lang.Integer) throws java.lang.Exception
2018-07-02 13:08:12.857 INFO [restartedMain][AbstractHandlerMethodMapping.java:543] - Mapped "{[/user/get]}" onto public java.lang.Object com.demo.demo.sys.controller.UserController.modifyUser(java.lang.Long)
2018-07-02 13:08:12.858 INFO [restartedMain][AbstractHandlerMethodMapping.java:543] - Mapped "{[/user/del]}" onto public java.lang.String com.demo.demo.sys.controller.UserController.clearUser(java.lang.Long)
2018-07-02 13:08:12.858 INFO [restartedMain][AbstractHandlerMethodMapping.java:543] - Mapped "{[/user/update]}" onto public java.lang.Object com.demo.demo.sys.controller.UserController.updateUser(java.lang.Long)
2018-07-02 13:08:12.859 INFO [restartedMain][AbstractHandlerMethodMapping.java:543] - Mapped "{[/user/print]}" onto public com.demo.demo.sys.beans.ErrorBean com.demo.demo.sys.controller.UserController.getPrint()
2018-07-02 13:08:12.862 INFO [restartedMain][AbstractHandlerMethodMapping.java:543] - Mapped "{[/swagger-resources/configuration/security]}" onto public org.springframework.http.ResponseEntity<springfox.documentation.swagger.web.SecurityConfiguration> springfox.documentation.swagger.web.ApiResourceController.securityConfiguration()
2018-07-02 13:08:12.863 INFO [restartedMain][AbstractHandlerMethodMapping.java:543] - Mapped "{[/swagger-resources/configuration/ui]}" onto public org.springframework.http.ResponseEntity<springfox.documentation.swagger.web.UiConfiguration> springfox.documentation.swagger.web.ApiResourceController.uiConfiguration()
2018-07-02 13:08:12.864 INFO [restartedMain][AbstractHandlerMethodMapping.java:543] - Mapped "{[/swagger-resources]}" onto public org.springframework.http.ResponseEntity<java.util.List<springfox.documentation.swagger.web.SwaggerResource>> springfox.documentation.swagger.web.ApiResourceController.swaggerResources()
2018-07-02 13:08:12.867 INFO [restartedMain][AbstractHandlerMethodMapping.java:543] - Mapped "{[/error],produces=[text/html]}" onto public org.springframework.web.servlet.ModelAndView org.springframework.boot.autoconfigure.web.BasicErrorController.errorHtml(javax.servlet.http.HttpServletRequest,javax.servlet.http.HttpServletResponse)
2018-07-02 13:08:12.867 INFO [restartedMain][AbstractHandlerMethodMapping.java:543] - Mapped "{[/error]}" onto public org.springframework.http.ResponseEntity<java.util.Map<java.lang.String, java.lang.Object>> org.springframework.boot.autoconfigure.web.BasicErrorController.error(javax.servlet.http.HttpServletRequest)
2018-07-02 13:08:13.311 INFO [restartedMain][AbstractHandlerMethodMapping.java:543] - Mapped "{[/autoconfig || /autoconfig.json],methods=[GET],produces=[application/vnd.spring-boot.actuator.v1+json || application/json]}" onto public java.lang.Object org.springframework.boot.actuate.endpoint.mvc.EndpointMvcAdapter.invoke()
2018-07-02 13:08:13.312 INFO [restartedMain][AbstractHandlerMethodMapping.java:543] - Mapped "{[/info || /info.json],methods=[GET],produces=[application/vnd.spring-boot.actuator.v1+json || application/json]}" onto public java.lang.Object org.springframework.boot.actuate.endpoint.mvc.EndpointMvcAdapter.invoke()
2018-07-02 13:08:13.313 INFO [restartedMain][AbstractHandlerMethodMapping.java:543] - Mapped "{[/mappings || /mappings.json],methods=[GET],produces=[application/vnd.spring-boot.actuator.v1+json || application/json]}" onto public java.lang.Object org.springframework.boot.actuate.endpoint.mvc.EndpointMvcAdapter.invoke()
2018-07-02 13:08:13.313 INFO [restartedMain][AbstractHandlerMethodMapping.java:543] - Mapped "{[/configprops || /configprops.json],methods=[GET],produces=[application/vnd.spring-boot.actuator.v1+json || application/json]}" onto public java.lang.Object org.springframework.boot.actuate.endpoint.mvc.EndpointMvcAdapter.invoke()
2018-07-02 13:08:13.314 INFO [restartedMain][AbstractHandlerMethodMapping.java:543] - Mapped "{[/trace || /trace.json],methods=[GET],produces=[application/vnd.spring-boot.actuator.v1+json || application/json]}" onto public java.lang.Object org.springframework.boot.actuate.endpoint.mvc.EndpointMvcAdapter.invoke()
2018-07-02 13:08:13.316 INFO [restartedMain][AbstractHandlerMethodMapping.java:543] - Mapped "{[/loggers/{name:.*}],methods=[GET],produces=[application/vnd.spring-boot.actuator.v1+json || application/json]}" onto public java.lang.Object org.springframework.boot.actuate.endpoint.mvc.LoggersMvcEndpoint.get(java.lang.String)
2018-07-02 13:08:13.317 INFO [restartedMain][AbstractHandlerMethodMapping.java:543] - Mapped "{[/loggers/{name:.*}],methods=[POST],consumes=[application/vnd.spring-boot.actuator.v1+json || application/json],produces=[application/vnd.spring-boot.actuator.v1+json || application/json]}" onto public java.lang.Object org.springframework.boot.actuate.endpoint.mvc.LoggersMvcEndpoint.set(java.lang.String,java.util.Map<java.lang.String, java.lang.String>)
2018-07-02 13:08:13.317 INFO [restartedMain][AbstractHandlerMethodMapping.java:543] - Mapped "{[/loggers || /loggers.json],methods=[GET],produces=[application/vnd.spring-boot.actuator.v1+json || application/json]}" onto public java.lang.Object org.springframework.boot.actuate.endpoint.mvc.EndpointMvcAdapter.invoke()
2018-07-02 13:08:13.318 INFO [restartedMain][AbstractHandlerMethodMapping.java:543] - Mapped "{[/beans || /beans.json],methods=[GET],produces=[application/vnd.spring-boot.actuator.v1+json || application/json]}" onto public java.lang.Object org.springframework.boot.actuate.endpoint.mvc.EndpointMvcAdapter.invoke()
2018-07-02 13:08:13.320 INFO [restartedMain][AbstractHandlerMethodMapping.java:543] - Mapped "{[/auditevents || /auditevents.json],methods=[GET],produces=[application/vnd.spring-boot.actuator.v1+json || application/json]}" onto public org.springframework.http.ResponseEntity<?> org.springframework.boot.actuate.endpoint.mvc.AuditEventsMvcEndpoint.findByPrincipalAndAfterAndType(java.lang.String,java.util.Date,java.lang.String)
2018-07-02 13:08:13.320 INFO [restartedMain][AbstractHandlerMethodMapping.java:543] - Mapped "{[/dump || /dump.json],methods=[GET],produces=[application/vnd.spring-boot.actuator.v1+json || application/json]}" onto public java.lang.Object org.springframework.boot.actuate.endpoint.mvc.EndpointMvcAdapter.invoke()
2018-07-02 13:08:13.321 INFO [restartedMain][AbstractHandlerMethodMapping.java:543] - Mapped "{[/metrics/{name:.*}],methods=[GET],produces=[application/vnd.spring-boot.actuator.v1+json || application/json]}" onto public java.lang.Object org.springframework.boot.actuate.endpoint.mvc.MetricsMvcEndpoint.value(java.lang.String)
2018-07-02 13:08:13.321 INFO [restartedMain][AbstractHandlerMethodMapping.java:543] - Mapped "{[/metrics || /metrics.json],methods=[GET],produces=[application/vnd.spring-boot.actuator.v1+json || application/json]}" onto public java.lang.Object org.springframework.boot.actuate.endpoint.mvc.EndpointMvcAdapter.invoke()
2018-07-02 13:08:13.323 INFO [restartedMain][AbstractHandlerMethodMapping.java:543] - Mapped "{[/heapdump || /heapdump.json],methods=[GET],produces=[application/octet-stream]}" onto public void org.springframework.boot.actuate.endpoint.mvc.HeapdumpMvcEndpoint.invoke(boolean,javax.servlet.http.HttpServletRequest,javax.servlet.http.HttpServletResponse) throws java.io.IOException,javax.servlet.ServletException
2018-07-02 13:08:13.324 INFO [restartedMain][AbstractHandlerMethodMapping.java:543] - Mapped "{[/health || /health.json],methods=[GET],produces=[application/vnd.spring-boot.actuator.v1+json || application/json]}" onto public java.lang.Object org.springframework.boot.actuate.endpoint.mvc.HealthMvcEndpoint.invoke(javax.servlet.http.HttpServletRequest,java.security.Principal)
2018-07-02 13:08:13.326 INFO [restartedMain][AbstractHandlerMethodMapping.java:543] - Mapped "{[/env/{name:.*}],methods=[GET],produces=[application/vnd.spring-boot.actuator.v1+json || application/json]}" onto public java.lang.Object org.springframework.boot.actuate.endpoint.mvc.EnvironmentMvcEndpoint.value(java.lang.String)
2018-07-02 13:08:13.326 INFO [restartedMain][AbstractHandlerMethodMapping.java:543] - Mapped "{[/env || /env.json],methods=[GET],produces=[application/vnd.spring-boot.actuator.v1+json || application/json]}" onto public java.lang.Object org.springframework.boot.actuate.endpoint.mvc.EndpointMvcAdapter.invoke()
2018-07-02 13:08:13.622 INFO [restartedMain][PropertySourcedRequestMappingHandlerMapping.java:69] - Mapped URL path [/v2/api-docs] onto method [public org.springframework.http.ResponseEntity<springfox.documentation.spring.web.json.Json> springfox.documentation.swagger2.web.Swagger2Controller.getDocumentation(java.lang.String,javax.servlet.http.HttpServletRequest)]
2018-07-02 13:08:14.112 INFO [restartedMain][RequestMappingHandlerAdapter.java:534] - Looking for @ControllerAdvice: org.springframework.boot.context.embedded.AnnotationConfigEmbeddedWebApplicationContext@66deffba: startup date [Mon Jul 02 13:08:04 CST 2018]; root of context hierarchy
2018-07-02 13:08:14.254 INFO [restartedMain][AbstractUrlHandlerMapping.java:362] - Mapped URL path [/webjars/**] onto handler of type [class org.springframework.web.servlet.resource.ResourceHttpRequestHandler]
2018-07-02 13:08:14.254 INFO [restartedMain][AbstractUrlHandlerMapping.java:362] - Mapped URL path [/**] onto handler of type [class org.springframework.web.servlet.resource.ResourceHttpRequestHandler]
2018-07-02 13:08:14.295 INFO [restartedMain][ExceptionHandlerExceptionResolver.java:273] - Detected @ExceptionHandler methods in restExceptionHandler
2018-07-02 13:08:14.337 INFO [restartedMain][AbstractUrlHandlerMapping.java:362] - Mapped URL path [/**/favicon.ico] onto handler of type [class org.springframework.web.servlet.resource.ResourceHttpRequestHandler]
2018-07-02 13:08:14.896 INFO [restartedMain][DefaultSecurityFilterChain.java:43] - Creating filter chain: OrRequestMatcher [requestMatchers=[Ant [pattern='/css/**'], Ant [pattern='/js/**'], Ant [pattern='/images/**'], Ant [pattern='/webjars/**'], Ant [pattern='/**/favicon.ico'], Ant [pattern='/error']]], []
2018-07-02 13:08:14.896 INFO [restartedMain][DefaultSecurityFilterChain.java:43] - Creating filter chain: Ant [pattern='/index.html'], []
2018-07-02 13:08:14.896 INFO [restartedMain][DefaultSecurityFilterChain.java:43] - Creating filter chain: Ant [pattern='/v2/api-docs'], []
2018-07-02 13:08:14.896 INFO [restartedMain][DefaultSecurityFilterChain.java:43] - Creating filter chain: Ant [pattern='/configuration/ui'], []
2018-07-02 13:08:14.896 INFO [restartedMain][DefaultSecurityFilterChain.java:43] - Creating filter chain: Ant [pattern='/swagger-resources*//**//**'], []
2018-07-02 13:08:14.897 INFO [restartedMain][DefaultSecurityFilterChain.java:43] - Creating filter chain: Ant [pattern='/configuration/security'], []
2018-07-02 13:08:14.897 INFO [restartedMain][DefaultSecurityFilterChain.java:43] - Creating filter chain: Ant [pattern='/swagger-ui.html'], []
2018-07-02 13:08:14.897 INFO [restartedMain][DefaultSecurityFilterChain.java:43] - Creating filter chain: Ant [pattern='/webjars*//**//**'], []
2018-07-02 13:08:14.897 INFO [restartedMain][DefaultSecurityFilterChain.java:43] - Creating filter chain: Ant [pattern='/base/config/login_p'], []
2018-07-02 13:08:15.041 INFO [restartedMain][DefaultSecurityFilterChain.java:43] - Creating filter chain: org.springframework.security.web.util.matcher.AnyRequestMatcher@1, [org.springframework.security.web.context.request.async.WebAsyncManagerIntegrationFilter@77f18118, org.springframework.security.web.context.SecurityContextPersistenceFilter@5a7b9fa5, org.springframework.security.web.header.HeaderWriterFilter@23275b9f, org.springframework.security.web.authentication.logout.LogoutFilter@33a559e, org.springframework.security.web.authentication.UsernamePasswordAuthenticationFilter@689d6b83, org.springframework.security.web.session.ConcurrentSessionFilter@3c445669, org.springframework.security.web.savedrequest.RequestCacheAwareFilter@32b7f670, org.springframework.security.web.servletapi.SecurityContextHolderAwareRequestFilter@305b1c01, org.springframework.security.web.authentication.AnonymousAuthenticationFilter@5df178f9, org.springframework.security.web.session.SessionManagementFilter@6300278, org.springframework.security.web.access.ExceptionTranslationFilter@6c70f0cd, org.springframework.security.web.access.intercept.FilterSecurityInterceptor@27dfc218]
2018-07-02 13:08:15.066 INFO [restartedMain][DefaultSecurityFilterChain.java:43] - Creating filter chain: org.springframework.boot.actuate.autoconfigure.ManagementWebSecurityAutoConfiguration$LazyEndpointPathRequestMatcher@c280462, [org.springframework.security.web.context.request.async.WebAsyncManagerIntegrationFilter@da404d7, org.springframework.security.web.context.SecurityContextPersistenceFilter@51442b9b, org.springframework.security.web.header.HeaderWriterFilter@517a3847, org.springframework.web.filter.CorsFilter@32feb2a1, org.springframework.security.web.authentication.logout.LogoutFilter@191684f2, org.springframework.security.web.authentication.www.BasicAuthenticationFilter@4b2351ac, org.springframework.security.web.savedrequest.RequestCacheAwareFilter@4f85bd9, org.springframework.security.web.servletapi.SecurityContextHolderAwareRequestFilter@440e301, org.springframework.security.web.authentication.AnonymousAuthenticationFilter@209b849a, org.springframework.security.web.session.SessionManagementFilter@6b389347, org.springframework.security.web.access.ExceptionTranslationFilter@67365bf9, org.springframework.security.web.access.intercept.FilterSecurityInterceptor@65882031]
2018-07-02 13:08:15.072 INFO [restartedMain][DefaultSecurityFilterChain.java:43] - Creating filter chain: OrRequestMatcher [requestMatchers=[Ant [pattern='/**']]], [org.springframework.security.web.context.request.async.WebAsyncManagerIntegrationFilter@f793a6f, org.springframework.security.web.context.SecurityContextPersistenceFilter@6ba5f028, org.springframework.security.web.header.HeaderWriterFilter@4d804b9e, org.springframework.security.web.authentication.logout.LogoutFilter@4954d948, org.springframework.security.web.authentication.www.BasicAuthenticationFilter@d3454fa, org.springframework.security.web.savedrequest.RequestCacheAwareFilter@224a49e7, org.springframework.security.web.servletapi.SecurityContextHolderAwareRequestFilter@6dd92a8b, org.springframework.security.web.authentication.AnonymousAuthenticationFilter@6cb44b7f, org.springframework.security.web.session.SessionManagementFilter@154afaf, org.springframework.security.web.access.ExceptionTranslationFilter@53735aa9, org.springframework.security.web.access.intercept.FilterSecurityInterceptor@7da1c739]
2018-07-02 13:08:15.465 INFO [restartedMain][SpringTemplateLoader.java:61] - SpringTemplateLoader for FreeMarker: using resource loader [org.springframework.boot.context.embedded.AnnotationConfigEmbeddedWebApplicationContext@66deffba: startup date [Mon Jul 02 13:08:04 CST 2018]; root of context hierarchy] and template loader path [classpath:/templates/]
2018-07-02 13:08:15.466 INFO [restartedMain][FreeMarkerConfigurer.java:127] - ClassTemplateLoader for Spring macros added to FreeMarker configuration
2018-07-02 13:08:16.086 INFO [restartedMain][MBeanExporter.java:431] - Registering beans for JMX exposure on startup
2018-07-02 13:08:16.089 INFO [restartedMain][MBeanExporter.java:916] - Bean with name 'dataSource' has been autodetected for JMX exposure
2018-07-02 13:08:16.102 INFO [restartedMain][MBeanExporter.java:671] - Located MBean 'dataSource': registering with JMX server as MBean [com.alibaba.druid.pool:name=dataSource,type=DruidDataSource]
2018-07-02 13:08:16.102 INFO [restartedMain][MBeanExporter.java:431] - Registering beans for JMX exposure on startup
2018-07-02 13:08:16.110 INFO [restartedMain][DefaultLifecycleProcessor.java:343] - Starting beans in phase 0
2018-07-02 13:08:16.112 INFO [restartedMain][MBeanExporter.java:678] - Located managed bean 'auditEventsEndpoint': registering with JMX server as MBean [org.springframework.boot:type=Endpoint,name=auditEventsEndpoint]
2018-07-02 13:08:16.133 INFO [restartedMain][MBeanExporter.java:678] - Located managed bean 'requestMappingEndpoint': registering with JMX server as MBean [org.springframework.boot:type=Endpoint,name=requestMappingEndpoint]
2018-07-02 13:08:16.147 INFO [restartedMain][MBeanExporter.java:678] - Located managed bean 'environmentEndpoint': registering with JMX server as MBean [org.springframework.boot:type=Endpoint,name=environmentEndpoint]
2018-07-02 13:08:16.151 INFO [restartedMain][MBeanExporter.java:678] - Located managed bean 'healthEndpoint': registering with JMX server as MBean [org.springframework.boot:type=Endpoint,name=healthEndpoint]
2018-07-02 13:08:16.154 INFO [restartedMain][MBeanExporter.java:678] - Located managed bean 'beansEndpoint': registering with JMX server as MBean [org.springframework.boot:type=Endpoint,name=beansEndpoint]
2018-07-02 13:08:16.157 INFO [restartedMain][MBeanExporter.java:678] - Located managed bean 'infoEndpoint': registering with JMX server as MBean [org.springframework.boot:type=Endpoint,name=infoEndpoint]
2018-07-02 13:08:16.161 INFO [restartedMain][MBeanExporter.java:678] - Located managed bean 'loggersEndpoint': registering with JMX server as MBean [org.springframework.boot:type=Endpoint,name=loggersEndpoint]
2018-07-02 13:08:16.167 INFO [restartedMain][MBeanExporter.java:678] - Located managed bean 'metricsEndpoint': registering with JMX server as MBean [org.springframework.boot:type=Endpoint,name=metricsEndpoint]
2018-07-02 13:08:16.169 INFO [restartedMain][MBeanExporter.java:678] - Located managed bean 'traceEndpoint': registering with JMX server as MBean [org.springframework.boot:type=Endpoint,name=traceEndpoint]
2018-07-02 13:08:16.172 INFO [restartedMain][MBeanExporter.java:678] - Located managed bean 'dumpEndpoint': registering with JMX server as MBean [org.springframework.boot:type=Endpoint,name=dumpEndpoint]
2018-07-02 13:08:16.174 INFO [restartedMain][MBeanExporter.java:678] - Located managed bean 'autoConfigurationReportEndpoint': registering with JMX server as MBean [org.springframework.boot:type=Endpoint,name=autoConfigurationReportEndpoint]
2018-07-02 13:08:16.177 INFO [restartedMain][MBeanExporter.java:678] - Located managed bean 'configurationPropertiesReportEndpoint': registering with JMX server as MBean [org.springframework.boot:type=Endpoint,name=configurationPropertiesReportEndpoint]
2018-07-02 13:08:16.178 INFO [restartedMain][DefaultLifecycleProcessor.java:343] - Starting beans in phase 2147483647
2018-07-02 13:08:16.178 INFO [restartedMain][DocumentationPluginsBootstrapper.java:147] - Context refreshed
2018-07-02 13:08:16.196 INFO [restartedMain][DocumentationPluginsBootstrapper.java:150] - Found 1 custom documentation plugin(s)
2018-07-02 13:08:16.252 INFO [restartedMain][ApiListingReferenceScanner.java:41] - Scanning for api listing references
2018-07-02 13:08:16.665 INFO [restartedMain][CachingOperationNameGenerator.java:40] - Generating unique operation named: addUsingPOST_1
2018-07-02 13:08:16.690 INFO [restartedMain][CachingOperationNameGenerator.java:40] - Generating unique operation named: updateUsingPOST_1
2018-07-02 13:08:16.700 INFO [restartedMain][CachingOperationNameGenerator.java:40] - Generating unique operation named: addUserUsingPOST_1
2018-07-02 13:08:16.730 INFO [restartedMain][CachingOperationNameGenerator.java:40] - Generating unique operation named: addUsingPOST_2
2018-07-02 13:08:16.853 INFO [restartedMain][CachingOperationNameGenerator.java:40] - Generating unique operation named: listUsingPOST_1
2018-07-02 13:08:16.880 INFO [restartedMain][CachingOperationNameGenerator.java:40] - Generating unique operation named: addUsingPOST_3
2018-07-02 13:08:16.900 INFO [restartedMain][CachingOperationNameGenerator.java:40] - Generating unique operation named: listUsingGET_1
2018-07-02 13:08:16.907 INFO [restartedMain][CachingOperationNameGenerator.java:40] - Generating unique operation named: listUsingPOST_2
2018-07-02 13:08:16.940 INFO [restartedMain][CachingOperationNameGenerator.java:40] - Generating unique operation named: addUsingGET_1
2018-07-02 13:08:16.943 INFO [restartedMain][CachingOperationNameGenerator.java:40] - Generating unique operation named: addUsingHEAD_1
2018-07-02 13:08:16.945 INFO [restartedMain][CachingOperationNameGenerator.java:40] - Generating unique operation named: addUsingPOST_4
2018-07-02 13:08:16.948 INFO [restartedMain][CachingOperationNameGenerator.java:40] - Generating unique operation named: addUsingPUT_1
2018-07-02 13:08:16.950 INFO [restartedMain][CachingOperationNameGenerator.java:40] - Generating unique operation named: addUsingPATCH_1
2018-07-02 13:08:16.952 INFO [restartedMain][CachingOperationNameGenerator.java:40] - Generating unique operation named: addUsingDELETE_1
2018-07-02 13:08:16.955 INFO [restartedMain][CachingOperationNameGenerator.java:40] - Generating unique operation named: addUsingOPTIONS_1
2018-07-02 13:08:16.957 INFO [restartedMain][CachingOperationNameGenerator.java:40] - Generating unique operation named: addUsingTRACE_1
2018-07-02 13:08:16.961 INFO [restartedMain][CachingOperationNameGenerator.java:40] - Generating unique operation named: delUsingGET_1
2018-07-02 13:08:16.965 INFO [restartedMain][CachingOperationNameGenerator.java:40] - Generating unique operation named: delUsingPOST_1
2018-07-02 13:08:16.979 INFO [restartedMain][CachingOperationNameGenerator.java:40] - Generating unique operation named: editUsingGET_1
2018-07-02 13:08:16.982 INFO [restartedMain][CachingOperationNameGenerator.java:40] - Generating unique operation named: editUsingHEAD_1
2018-07-02 13:08:16.984 INFO [restartedMain][CachingOperationNameGenerator.java:40] - Generating unique operation named: editUsingPOST_1
2018-07-02 13:08:16.987 INFO [restartedMain][CachingOperationNameGenerator.java:40] - Generating unique operation named: editUsingPUT_1
2018-07-02 13:08:16.989 INFO [restartedMain][CachingOperationNameGenerator.java:40] - Generating unique operation named: editUsingPATCH_1
2018-07-02 13:08:16.991 INFO [restartedMain][CachingOperationNameGenerator.java:40] - Generating unique operation named: editUsingDELETE_1
2018-07-02 13:08:16.994 INFO [restartedMain][CachingOperationNameGenerator.java:40] - Generating unique operation named: editUsingOPTIONS_1
2018-07-02 13:08:16.996 INFO [restartedMain][CachingOperationNameGenerator.java:40] - Generating unique operation named: editUsingTRACE_1
2018-07-02 13:08:17.029 INFO [restartedMain][CachingOperationNameGenerator.java:40] - Generating unique operation named: listUsingGET_2
2018-07-02 13:08:17.031 INFO [restartedMain][CachingOperationNameGenerator.java:40] - Generating unique operation named: listUsingHEAD_1
2018-07-02 13:08:17.034 INFO [restartedMain][CachingOperationNameGenerator.java:40] - Generating unique operation named: listUsingPOST_3
2018-07-02 13:08:17.036 INFO [restartedMain][CachingOperationNameGenerator.java:40] - Generating unique operation named: listUsingPUT_1
2018-07-02 13:08:17.039 INFO [restartedMain][CachingOperationNameGenerator.java:40] - Generating unique operation named: listUsingPATCH_1
2018-07-02 13:08:17.041 INFO [restartedMain][CachingOperationNameGenerator.java:40] - Generating unique operation named: listUsingDELETE_1
2018-07-02 13:08:17.044 INFO [restartedMain][CachingOperationNameGenerator.java:40] - Generating unique operation named: listUsingOPTIONS_1
2018-07-02 13:08:17.046 INFO [restartedMain][CachingOperationNameGenerator.java:40] - Generating unique operation named: listUsingTRACE_1
2018-07-02 13:08:17.162 INFO [restartedMain][ScheduledAnnotationBeanPostProcessor.java:267] - No TaskScheduler/ScheduledExecutorService bean found for scheduled processing
2018-07-02 13:08:17.180 INFO [restartedMain][DirectJDKLog.java:179] - Initializing ProtocolHandler ["http-nio-8002"]
2018-07-02 13:08:17.193 INFO [restartedMain][DirectJDKLog.java:179] - Starting ProtocolHandler ["http-nio-8002"]
2018-07-02 13:08:17.200 INFO [restartedMain][DirectJDKLog.java:179] - Using a shared selector for servlet write/read
2018-07-02 13:08:17.224 INFO [restartedMain][TomcatEmbeddedServletContainer.java:201] - Tomcat started on port(s): 8002 (http)
2018-07-02 13:08:17.234 INFO [restartedMain][StartupInfoLogger.java:57] - Started DemoApplication in 12.984 seconds (JVM running for 13.866)
2018-07-02 13:08:47.555 INFO [http-nio-8002-exec-2][DirectJDKLog.java:179] - Initializing Spring FrameworkServlet 'dispatcherServlet'
2018-07-02 13:08:47.556 INFO [http-nio-8002-exec-2][FrameworkServlet.java:489] - FrameworkServlet 'dispatcherServlet': initialization started
2018-07-02 13:08:47.582 INFO [http-nio-8002-exec-2][FrameworkServlet.java:508] - FrameworkServlet 'dispatcherServlet': initialization completed in 26 ms
2018-07-02 17:41:10.046 INFO [Thread-7][AbstractApplicationContext.java:984] - Closing org.springframework.boot.context.embedded.AnnotationConfigEmbeddedWebApplicationContext@66deffba: startup date [Mon Jul 02 13:08:04 CST 2018]; root of context hierarchy
